CRITICAL - 2025-10-15 04:45:22 --> ErrorException: Undefined array key "nombre_jugador"
[Method: GET, Route: incidencias/crear]
in APPPATH\Views\incidencias\crear.php on line 13.
 1 APPPATH\Views\incidencias\crear.php(13): CodeIgniter\Debug\Exceptions->errorHandler(2, 'Undefined array key "nombre_jugador"', 'C:\\xampp\\htdocs\\futbol_torneo\\futbol_torneo\\app\\Views\\incidencias\\crear.php', 13)
 2 SYSTEMPATH\View\View.php(226): include('C:\\xampp\\htdocs\\futbol_torneo\\futbol_torneo\\app\\Views\\incidencias\\crear.php')
 3 SYSTEMPATH\View\View.php(229): CodeIgniter\View\View->CodeIgniter\View\{closure}()
 4 SYSTEMPATH\Common.php(1167): CodeIgniter\View\View->render('incidencias/crear', [], true)
 5 APPPATH\Controllers\IncidenciaController.php(33): view('incidencias/crear', [...])
 6 SYSTEMPATH\CodeIgniter.php(933): App\Controllers\IncidenciaController->crear()
 7 SYSTEMPATH\CodeIgniter.php(507): CodeIgniter\CodeIgniter->runController(Object(App\Controllers\IncidenciaController))
 8 SYSTEMPATH\CodeIgniter.php(354): CodeIgniter\CodeIgniter->handleRequest(null, Object(Config\Cache), false)
 9 SYSTEMPATH\Boot.php(363): CodeIgniter\CodeIgniter->run()
10 SYSTEMPATH\Boot.php(68): CodeIgniter\Boot::runCodeIgniter(Object(CodeIgniter\CodeIgniter))
11 FCPATH\index.php(59): CodeIgniter\Boot::bootWeb(Object(Config\Paths))
12 SYSTEMPATH\rewrite.php(44): require_once('C:\\xampp\\htdocs\\futbol_torneo\\futbol_torneo\\public\\index.php')
CRITICAL - 2025-10-15 04:45:26 --> ErrorException: Undefined array key "nombre_jugador"
[Method: GET, Route: incidencias/crear]
in APPPATH\Views\incidencias\crear.php on line 13.
 1 APPPATH\Views\incidencias\crear.php(13): CodeIgniter\Debug\Exceptions->errorHandler(2, 'Undefined array key "nombre_jugador"', 'C:\\xampp\\htdocs\\futbol_torneo\\futbol_torneo\\app\\Views\\incidencias\\crear.php', 13)
 2 SYSTEMPATH\View\View.php(226): include('C:\\xampp\\htdocs\\futbol_torneo\\futbol_torneo\\app\\Views\\incidencias\\crear.php')
 3 SYSTEMPATH\View\View.php(229): CodeIgniter\View\View->CodeIgniter\View\{closure}()
 4 SYSTEMPATH\Common.php(1167): CodeIgniter\View\View->render('incidencias/crear', [], true)
 5 APPPATH\Controllers\IncidenciaController.php(33): view('incidencias/crear', [...])
 6 SYSTEMPATH\CodeIgniter.php(933): App\Controllers\IncidenciaController->crear()
 7 SYSTEMPATH\CodeIgniter.php(507): CodeIgniter\CodeIgniter->runController(Object(App\Controllers\IncidenciaController))
 8 SYSTEMPATH\CodeIgniter.php(354): CodeIgniter\CodeIgniter->handleRequest(null, Object(Config\Cache), false)
 9 SYSTEMPATH\Boot.php(363): CodeIgniter\CodeIgniter->run()
10 SYSTEMPATH\Boot.php(68): CodeIgniter\Boot::runCodeIgniter(Object(CodeIgniter\CodeIgniter))
11 FCPATH\index.php(59): CodeIgniter\Boot::bootWeb(Object(Config\Paths))
12 SYSTEMPATH\rewrite.php(44): require_once('C:\\xampp\\htdocs\\futbol_torneo\\futbol_torneo\\public\\index.php')
CRITICAL - 2025-10-15 05:15:23 --> ErrorException: Undefined array key "nombre_jugador"
[Method: GET, Route: incidencias/crear]
in APPPATH\Views\incidencias\crear.php on line 13.
 1 APPPATH\Views\incidencias\crear.php(13): CodeIgniter\Debug\Exceptions->errorHandler(2, 'Undefined array key "nombre_jugador"', 'C:\\xampp\\htdocs\\futbol_torneo\\futbol_torneo\\app\\Views\\incidencias\\crear.php', 13)
 2 SYSTEMPATH\View\View.php(226): include('C:\\xampp\\htdocs\\futbol_torneo\\futbol_torneo\\app\\Views\\incidencias\\crear.php')
 3 SYSTEMPATH\View\View.php(229): CodeIgniter\View\View->CodeIgniter\View\{closure}()
 4 SYSTEMPATH\Common.php(1167): CodeIgniter\View\View->render('incidencias/crear', [], true)
 5 APPPATH\Controllers\IncidenciaController.php(29): view('incidencias/crear', [...])
 6 SYSTEMPATH\CodeIgniter.php(933): App\Controllers\IncidenciaController->crear()
 7 SYSTEMPATH\CodeIgniter.php(507): CodeIgniter\CodeIgniter->runController(Object(App\Controllers\IncidenciaController))
 8 SYSTEMPATH\CodeIgniter.php(354): CodeIgniter\CodeIgniter->handleRequest(null, Object(Config\Cache), false)
 9 SYSTEMPATH\Boot.php(363): CodeIgniter\CodeIgniter->run()
10 SYSTEMPATH\Boot.php(68): CodeIgniter\Boot::runCodeIgniter(Object(CodeIgniter\CodeIgniter))
11 FCPATH\index.php(59): CodeIgniter\Boot::bootWeb(Object(Config\Paths))
12 SYSTEMPATH\rewrite.php(44): require_once('C:\\xampp\\htdocs\\futbol_torneo\\futbol_torneo\\public\\index.php')
CRITICAL - 2025-10-15 05:15:26 --> ErrorException: Undefined array key "nombre_jugador"
[Method: GET, Route: incidencias/crear]
in APPPATH\Views\incidencias\crear.php on line 13.
 1 APPPATH\Views\incidencias\crear.php(13): CodeIgniter\Debug\Exceptions->errorHandler(2, 'Undefined array key "nombre_jugador"', 'C:\\xampp\\htdocs\\futbol_torneo\\futbol_torneo\\app\\Views\\incidencias\\crear.php', 13)
 2 SYSTEMPATH\View\View.php(226): include('C:\\xampp\\htdocs\\futbol_torneo\\futbol_torneo\\app\\Views\\incidencias\\crear.php')
 3 SYSTEMPATH\View\View.php(229): CodeIgniter\View\View->CodeIgniter\View\{closure}()
 4 SYSTEMPATH\Common.php(1167): CodeIgniter\View\View->render('incidencias/crear', [], true)
 5 APPPATH\Controllers\IncidenciaController.php(29): view('incidencias/crear', [...])
 6 SYSTEMPATH\CodeIgniter.php(933): App\Controllers\IncidenciaController->crear()
 7 SYSTEMPATH\CodeIgniter.php(507): CodeIgniter\CodeIgniter->runController(Object(App\Controllers\IncidenciaController))
 8 SYSTEMPATH\CodeIgniter.php(354): CodeIgniter\CodeIgniter->handleRequest(null, Object(Config\Cache), false)
 9 SYSTEMPATH\Boot.php(363): CodeIgniter\CodeIgniter->run()
10 SYSTEMPATH\Boot.php(68): CodeIgniter\Boot::runCodeIgniter(Object(CodeIgniter\CodeIgniter))
11 FCPATH\index.php(59): CodeIgniter\Boot::bootWeb(Object(Config\Paths))
12 SYSTEMPATH\rewrite.php(44): require_once('C:\\xampp\\htdocs\\futbol_torneo\\futbol_torneo\\public\\index.php')
CRITICAL - 2025-10-15 05:15:27 --> ErrorException: Undefined array key "nombre_jugador"
[Method: GET, Route: incidencias/crear]
in APPPATH\Views\incidencias\crear.php on line 13.
 1 APPPATH\Views\incidencias\crear.php(13): CodeIgniter\Debug\Exceptions->errorHandler(2, 'Undefined array key "nombre_jugador"', 'C:\\xampp\\htdocs\\futbol_torneo\\futbol_torneo\\app\\Views\\incidencias\\crear.php', 13)
 2 SYSTEMPATH\View\View.php(226): include('C:\\xampp\\htdocs\\futbol_torneo\\futbol_torneo\\app\\Views\\incidencias\\crear.php')
 3 SYSTEMPATH\View\View.php(229): CodeIgniter\View\View->CodeIgniter\View\{closure}()
 4 SYSTEMPATH\Common.php(1167): CodeIgniter\View\View->render('incidencias/crear', [], true)
 5 APPPATH\Controllers\IncidenciaController.php(29): view('incidencias/crear', [...])
 6 SYSTEMPATH\CodeIgniter.php(933): App\Controllers\IncidenciaController->crear()
 7 SYSTEMPATH\CodeIgniter.php(507): CodeIgniter\CodeIgniter->runController(Object(App\Controllers\IncidenciaController))
 8 SYSTEMPATH\CodeIgniter.php(354): CodeIgniter\CodeIgniter->handleRequest(null, Object(Config\Cache), false)
 9 SYSTEMPATH\Boot.php(363): CodeIgniter\CodeIgniter->run()
10 SYSTEMPATH\Boot.php(68): CodeIgniter\Boot::runCodeIgniter(Object(CodeIgniter\CodeIgniter))
11 FCPATH\index.php(59): CodeIgniter\Boot::bootWeb(Object(Config\Paths))
12 SYSTEMPATH\rewrite.php(44): require_once('C:\\xampp\\htdocs\\futbol_torneo\\futbol_torneo\\public\\index.php')
CRITICAL - 2025-10-15 05:15:31 --> ErrorException: Undefined array key "nombre_jugador"
[Method: GET, Route: incidencias/crear]
in APPPATH\Views\incidencias\crear.php on line 13.
 1 APPPATH\Views\incidencias\crear.php(13): CodeIgniter\Debug\Exceptions->errorHandler(2, 'Undefined array key "nombre_jugador"', 'C:\\xampp\\htdocs\\futbol_torneo\\futbol_torneo\\app\\Views\\incidencias\\crear.php', 13)
 2 SYSTEMPATH\View\View.php(226): include('C:\\xampp\\htdocs\\futbol_torneo\\futbol_torneo\\app\\Views\\incidencias\\crear.php')
 3 SYSTEMPATH\View\View.php(229): CodeIgniter\View\View->CodeIgniter\View\{closure}()
 4 SYSTEMPATH\Common.php(1167): CodeIgniter\View\View->render('incidencias/crear', [], true)
 5 APPPATH\Controllers\IncidenciaController.php(29): view('incidencias/crear', [...])
 6 SYSTEMPATH\CodeIgniter.php(933): App\Controllers\IncidenciaController->crear()
 7 SYSTEMPATH\CodeIgniter.php(507): CodeIgniter\CodeIgniter->runController(Object(App\Controllers\IncidenciaController))
 8 SYSTEMPATH\CodeIgniter.php(354): CodeIgniter\CodeIgniter->handleRequest(null, Object(Config\Cache), false)
 9 SYSTEMPATH\Boot.php(363): CodeIgniter\CodeIgniter->run()
10 SYSTEMPATH\Boot.php(68): CodeIgniter\Boot::runCodeIgniter(Object(CodeIgniter\CodeIgniter))
11 FCPATH\index.php(59): CodeIgniter\Boot::bootWeb(Object(Config\Paths))
12 SYSTEMPATH\rewrite.php(44): require_once('C:\\xampp\\htdocs\\futbol_torneo\\futbol_torneo\\public\\index.php')
CRITICAL - 2025-10-15 05:15:33 --> ErrorException: Undefined array key "nombre_jugador"
[Method: GET, Route: incidencias/crear]
in APPPATH\Views\incidencias\crear.php on line 13.
 1 APPPATH\Views\incidencias\crear.php(13): CodeIgniter\Debug\Exceptions->errorHandler(2, 'Undefined array key "nombre_jugador"', 'C:\\xampp\\htdocs\\futbol_torneo\\futbol_torneo\\app\\Views\\incidencias\\crear.php', 13)
 2 SYSTEMPATH\View\View.php(226): include('C:\\xampp\\htdocs\\futbol_torneo\\futbol_torneo\\app\\Views\\incidencias\\crear.php')
 3 SYSTEMPATH\View\View.php(229): CodeIgniter\View\View->CodeIgniter\View\{closure}()
 4 SYSTEMPATH\Common.php(1167): CodeIgniter\View\View->render('incidencias/crear', [], true)
 5 APPPATH\Controllers\IncidenciaController.php(29): view('incidencias/crear', [...])
 6 SYSTEMPATH\CodeIgniter.php(933): App\Controllers\IncidenciaController->crear()
 7 SYSTEMPATH\CodeIgniter.php(507): CodeIgniter\CodeIgniter->runController(Object(App\Controllers\IncidenciaController))
 8 SYSTEMPATH\CodeIgniter.php(354): CodeIgniter\CodeIgniter->handleRequest(null, Object(Config\Cache), false)
 9 SYSTEMPATH\Boot.php(363): CodeIgniter\CodeIgniter->run()
10 SYSTEMPATH\Boot.php(68): CodeIgniter\Boot::runCodeIgniter(Object(CodeIgniter\CodeIgniter))
11 FCPATH\index.php(59): CodeIgniter\Boot::bootWeb(Object(Config\Paths))
12 SYSTEMPATH\rewrite.php(44): require_once('C:\\xampp\\htdocs\\futbol_torneo\\futbol_torneo\\public\\index.php')
CRITICAL - 2025-10-15 05:15:34 --> ErrorException: Undefined array key "nombre_jugador"
[Method: GET, Route: incidencias/crear]
in APPPATH\Views\incidencias\crear.php on line 13.
 1 APPPATH\Views\incidencias\crear.php(13): CodeIgniter\Debug\Exceptions->errorHandler(2, 'Undefined array key "nombre_jugador"', 'C:\\xampp\\htdocs\\futbol_torneo\\futbol_torneo\\app\\Views\\incidencias\\crear.php', 13)
 2 SYSTEMPATH\View\View.php(226): include('C:\\xampp\\htdocs\\futbol_torneo\\futbol_torneo\\app\\Views\\incidencias\\crear.php')
 3 SYSTEMPATH\View\View.php(229): CodeIgniter\View\View->CodeIgniter\View\{closure}()
 4 SYSTEMPATH\Common.php(1167): CodeIgniter\View\View->render('incidencias/crear', [], true)
 5 APPPATH\Controllers\IncidenciaController.php(29): view('incidencias/crear', [...])
 6 SYSTEMPATH\CodeIgniter.php(933): App\Controllers\IncidenciaController->crear()
 7 SYSTEMPATH\CodeIgniter.php(507): CodeIgniter\CodeIgniter->runController(Object(App\Controllers\IncidenciaController))
 8 SYSTEMPATH\CodeIgniter.php(354): CodeIgniter\CodeIgniter->handleRequest(null, Object(Config\Cache), false)
 9 SYSTEMPATH\Boot.php(363): CodeIgniter\CodeIgniter->run()
10 SYSTEMPATH\Boot.php(68): CodeIgniter\Boot::runCodeIgniter(Object(CodeIgniter\CodeIgniter))
11 FCPATH\index.php(59): CodeIgniter\Boot::bootWeb(Object(Config\Paths))
12 SYSTEMPATH\rewrite.php(44): require_once('C:\\xampp\\htdocs\\futbol_torneo\\futbol_torneo\\public\\index.php')
CRITICAL - 2025-10-15 05:27:50 --> CodeIgniter\View\Exceptions\ViewException: Invalid file: "incidencias/editar.php"
[Method: GET, Route: incidencias/editar/3]
in SYSTEMPATH\Exceptions\FrameworkException.php on line 39.
 1 SYSTEMPATH\View\View.php(214): CodeIgniter\Exceptions\FrameworkException::forInvalidFile('incidencias/editar.php')
 2 SYSTEMPATH\Common.php(1167): CodeIgniter\View\View->render('incidencias/editar', [], true)
 3 APPPATH\Controllers\IncidenciaController.php(63): view('incidencias/editar', [...])
 4 SYSTEMPATH\CodeIgniter.php(933): App\Controllers\IncidenciaController->editar('3')
 5 SYSTEMPATH\CodeIgniter.php(507): CodeIgniter\CodeIgniter->runController(Object(App\Controllers\IncidenciaController))
 6 SYSTEMPATH\CodeIgniter.php(354): CodeIgniter\CodeIgniter->handleRequest(null, Object(Config\Cache), false)
 7 SYSTEMPATH\Boot.php(363): CodeIgniter\CodeIgniter->run()
 8 SYSTEMPATH\Boot.php(68): CodeIgniter\Boot::runCodeIgniter(Object(CodeIgniter\CodeIgniter))
 9 FCPATH\index.php(59): CodeIgniter\Boot::bootWeb(Object(Config\Paths))
10 SYSTEMPATH\rewrite.php(44): require_once('C:\\xampp\\htdocs\\futbol_torneo\\futbol_torneo\\public\\index.php')
CRITICAL - 2025-10-15 05:29:06 --> CodeIgniter\View\Exceptions\ViewException: Invalid file: "incidencias/editar.php"
[Method: GET, Route: incidencias/editar/8]
in SYSTEMPATH\Exceptions\FrameworkException.php on line 39.
 1 SYSTEMPATH\View\View.php(214): CodeIgniter\Exceptions\FrameworkException::forInvalidFile('incidencias/editar.php')
 2 SYSTEMPATH\Common.php(1167): CodeIgniter\View\View->render('incidencias/editar', [], true)
 3 APPPATH\Controllers\IncidenciaController.php(63): view('incidencias/editar', [...])
 4 SYSTEMPATH\CodeIgniter.php(933): App\Controllers\IncidenciaController->editar('8')
 5 SYSTEMPATH\CodeIgniter.php(507): CodeIgniter\CodeIgniter->runController(Object(App\Controllers\IncidenciaController))
 6 SYSTEMPATH\CodeIgniter.php(354): CodeIgniter\CodeIgniter->handleRequest(null, Object(Config\Cache), false)
 7 SYSTEMPATH\Boot.php(363): CodeIgniter\CodeIgniter->run()
 8 SYSTEMPATH\Boot.php(68): CodeIgniter\Boot::runCodeIgniter(Object(CodeIgniter\CodeIgniter))
 9 FCPATH\index.php(59): CodeIgniter\Boot::bootWeb(Object(Config\Paths))
10 SYSTEMPATH\rewrite.php(44): require_once('C:\\xampp\\htdocs\\futbol_torneo\\futbol_torneo\\public\\index.php')
CRITICAL - 2025-10-15 05:35:06 --> ErrorException: Undefined variable $incidencias
[Method: GET, Route: incidencias]
in APPPATH\Controllers\IncidenciaController.php on line 78.
 1 APPPATH\Controllers\IncidenciaController.php(78): CodeIgniter\Debug\Exceptions->errorHandler(2, 'Undefined variable $incidencias', 'C:\\xampp\\htdocs\\futbol_torneo\\futbol_torneo\\app\\Controllers\\IncidenciaController.php', 78)
 2 SYSTEMPATH\Autoloader\Autoloader.php(315): include_once('C:\\xampp\\htdocs\\futbol_torneo\\futbol_torneo\\app\\Controllers\\IncidenciaController.php')
 3 SYSTEMPATH\Autoloader\Autoloader.php(295): CodeIgniter\Autoloader\Autoloader->includeFile('C:\\xampp\\htdocs\\futbol_torneo\\futbol_torneo\\app\\Controllers\\IncidenciaController.php')
 4 SYSTEMPATH\Autoloader\Autoloader.php(271): CodeIgniter\Autoloader\Autoloader->loadInNamespace('App\\Controllers\\IncidenciaController')
 5 [internal function]: CodeIgniter\Autoloader\Autoloader->loadClass('App\\Controllers\\IncidenciaController')
 6 SYSTEMPATH\CodeIgniter.php(885): class_exists('\\App\\Controllers\\IncidenciaController', true)
 7 SYSTEMPATH\CodeIgniter.php(494): CodeIgniter\CodeIgniter->startController()
 8 SYSTEMPATH\CodeIgniter.php(354): CodeIgniter\CodeIgniter->handleRequest(null, Object(Config\Cache), false)
 9 SYSTEMPATH\Boot.php(363): CodeIgniter\CodeIgniter->run()
10 SYSTEMPATH\Boot.php(68): CodeIgniter\Boot::runCodeIgniter(Object(CodeIgniter\CodeIgniter))
11 FCPATH\index.php(59): CodeIgniter\Boot::bootWeb(Object(Config\Paths))
12 SYSTEMPATH\rewrite.php(44): require_once('C:\\xampp\\htdocs\\futbol_torneo\\futbol_torneo\\public\\index.php')
CRITICAL - 2025-10-15 05:35:09 --> ErrorException: Undefined variable $incidencias
[Method: GET, Route: incidencias]
in APPPATH\Controllers\IncidenciaController.php on line 78.
 1 APPPATH\Controllers\IncidenciaController.php(78): CodeIgniter\Debug\Exceptions->errorHandler(2, 'Undefined variable $incidencias', 'C:\\xampp\\htdocs\\futbol_torneo\\futbol_torneo\\app\\Controllers\\IncidenciaController.php', 78)
 2 SYSTEMPATH\Autoloader\Autoloader.php(315): include_once('C:\\xampp\\htdocs\\futbol_torneo\\futbol_torneo\\app\\Controllers\\IncidenciaController.php')
 3 SYSTEMPATH\Autoloader\Autoloader.php(295): CodeIgniter\Autoloader\Autoloader->includeFile('C:\\xampp\\htdocs\\futbol_torneo\\futbol_torneo\\app\\Controllers\\IncidenciaController.php')
 4 SYSTEMPATH\Autoloader\Autoloader.php(271): CodeIgniter\Autoloader\Autoloader->loadInNamespace('App\\Controllers\\IncidenciaController')
 5 [internal function]: CodeIgniter\Autoloader\Autoloader->loadClass('App\\Controllers\\IncidenciaController')
 6 SYSTEMPATH\CodeIgniter.php(885): class_exists('\\App\\Controllers\\IncidenciaController', true)
 7 SYSTEMPATH\CodeIgniter.php(494): CodeIgniter\CodeIgniter->startController()
 8 SYSTEMPATH\CodeIgniter.php(354): CodeIgniter\CodeIgniter->handleRequest(null, Object(Config\Cache), false)
 9 SYSTEMPATH\Boot.php(363): CodeIgniter\CodeIgniter->run()
10 SYSTEMPATH\Boot.php(68): CodeIgniter\Boot::runCodeIgniter(Object(CodeIgniter\CodeIgniter))
11 FCPATH\index.php(59): CodeIgniter\Boot::bootWeb(Object(Config\Paths))
12 SYSTEMPATH\rewrite.php(44): require_once('C:\\xampp\\htdocs\\futbol_torneo\\futbol_torneo\\public\\index.php')
CRITICAL - 2025-10-15 05:35:10 --> ErrorException: Undefined variable $incidencias
[Method: GET, Route: incidencias]
in APPPATH\Controllers\IncidenciaController.php on line 78.
 1 APPPATH\Controllers\IncidenciaController.php(78): CodeIgniter\Debug\Exceptions->errorHandler(2, 'Undefined variable $incidencias', 'C:\\xampp\\htdocs\\futbol_torneo\\futbol_torneo\\app\\Controllers\\IncidenciaController.php', 78)
 2 SYSTEMPATH\Autoloader\Autoloader.php(315): include_once('C:\\xampp\\htdocs\\futbol_torneo\\futbol_torneo\\app\\Controllers\\IncidenciaController.php')
 3 SYSTEMPATH\Autoloader\Autoloader.php(295): CodeIgniter\Autoloader\Autoloader->includeFile('C:\\xampp\\htdocs\\futbol_torneo\\futbol_torneo\\app\\Controllers\\IncidenciaController.php')
 4 SYSTEMPATH\Autoloader\Autoloader.php(271): CodeIgniter\Autoloader\Autoloader->loadInNamespace('App\\Controllers\\IncidenciaController')
 5 [internal function]: CodeIgniter\Autoloader\Autoloader->loadClass('App\\Controllers\\IncidenciaController')
 6 SYSTEMPATH\CodeIgniter.php(885): class_exists('\\App\\Controllers\\IncidenciaController', true)
 7 SYSTEMPATH\CodeIgniter.php(494): CodeIgniter\CodeIgniter->startController()
 8 SYSTEMPATH\CodeIgniter.php(354): CodeIgniter\CodeIgniter->handleRequest(null, Object(Config\Cache), false)
 9 SYSTEMPATH\Boot.php(363): CodeIgniter\CodeIgniter->run()
10 SYSTEMPATH\Boot.php(68): CodeIgniter\Boot::runCodeIgniter(Object(CodeIgniter\CodeIgniter))
11 FCPATH\index.php(59): CodeIgniter\Boot::bootWeb(Object(Config\Paths))
12 SYSTEMPATH\rewrite.php(44): require_once('C:\\xampp\\htdocs\\futbol_torneo\\futbol_torneo\\public\\index.php')
CRITICAL - 2025-10-15 05:35:11 --> ErrorException: Undefined variable $incidencias
[Method: GET, Route: incidencias]
in APPPATH\Controllers\IncidenciaController.php on line 78.
 1 APPPATH\Controllers\IncidenciaController.php(78): CodeIgniter\Debug\Exceptions->errorHandler(2, 'Undefined variable $incidencias', 'C:\\xampp\\htdocs\\futbol_torneo\\futbol_torneo\\app\\Controllers\\IncidenciaController.php', 78)
 2 SYSTEMPATH\Autoloader\Autoloader.php(315): include_once('C:\\xampp\\htdocs\\futbol_torneo\\futbol_torneo\\app\\Controllers\\IncidenciaController.php')
 3 SYSTEMPATH\Autoloader\Autoloader.php(295): CodeIgniter\Autoloader\Autoloader->includeFile('C:\\xampp\\htdocs\\futbol_torneo\\futbol_torneo\\app\\Controllers\\IncidenciaController.php')
 4 SYSTEMPATH\Autoloader\Autoloader.php(271): CodeIgniter\Autoloader\Autoloader->loadInNamespace('App\\Controllers\\IncidenciaController')
 5 [internal function]: CodeIgniter\Autoloader\Autoloader->loadClass('App\\Controllers\\IncidenciaController')
 6 SYSTEMPATH\CodeIgniter.php(885): class_exists('\\App\\Controllers\\IncidenciaController', true)
 7 SYSTEMPATH\CodeIgniter.php(494): CodeIgniter\CodeIgniter->startController()
 8 SYSTEMPATH\CodeIgniter.php(354): CodeIgniter\CodeIgniter->handleRequest(null, Object(Config\Cache), false)
 9 SYSTEMPATH\Boot.php(363): CodeIgniter\CodeIgniter->run()
10 SYSTEMPATH\Boot.php(68): CodeIgniter\Boot::runCodeIgniter(Object(CodeIgniter\CodeIgniter))
11 FCPATH\index.php(59): CodeIgniter\Boot::bootWeb(Object(Config\Paths))
12 SYSTEMPATH\rewrite.php(44): require_once('C:\\xampp\\htdocs\\futbol_torneo\\futbol_torneo\\public\\index.php')
CRITICAL - 2025-10-15 05:35:13 --> ErrorException: Undefined variable $incidencias
[Method: GET, Route: incidencias/crear]
in APPPATH\Controllers\IncidenciaController.php on line 78.
 1 APPPATH\Controllers\IncidenciaController.php(78): CodeIgniter\Debug\Exceptions->errorHandler(2, 'Undefined variable $incidencias', 'C:\\xampp\\htdocs\\futbol_torneo\\futbol_torneo\\app\\Controllers\\IncidenciaController.php', 78)
 2 SYSTEMPATH\Autoloader\Autoloader.php(315): include_once('C:\\xampp\\htdocs\\futbol_torneo\\futbol_torneo\\app\\Controllers\\IncidenciaController.php')
 3 SYSTEMPATH\Autoloader\Autoloader.php(295): CodeIgniter\Autoloader\Autoloader->includeFile('C:\\xampp\\htdocs\\futbol_torneo\\futbol_torneo\\app\\Controllers\\IncidenciaController.php')
 4 SYSTEMPATH\Autoloader\Autoloader.php(271): CodeIgniter\Autoloader\Autoloader->loadInNamespace('App\\Controllers\\IncidenciaController')
 5 [internal function]: CodeIgniter\Autoloader\Autoloader->loadClass('App\\Controllers\\IncidenciaController')
 6 SYSTEMPATH\CodeIgniter.php(885): class_exists('\\App\\Controllers\\IncidenciaController', true)
 7 SYSTEMPATH\CodeIgniter.php(494): CodeIgniter\CodeIgniter->startController()
 8 SYSTEMPATH\CodeIgniter.php(354): CodeIgniter\CodeIgniter->handleRequest(null, Object(Config\Cache), false)
 9 SYSTEMPATH\Boot.php(363): CodeIgniter\CodeIgniter->run()
10 SYSTEMPATH\Boot.php(68): CodeIgniter\Boot::runCodeIgniter(Object(CodeIgniter\CodeIgniter))
11 FCPATH\index.php(59): CodeIgniter\Boot::bootWeb(Object(Config\Paths))
12 SYSTEMPATH\rewrite.php(44): require_once('C:\\xampp\\htdocs\\futbol_torneo\\futbol_torneo\\public\\index.php')
CRITICAL - 2025-10-15 05:35:17 --> ErrorException: Undefined variable $incidencias
[Method: GET, Route: incidencias/crear]
in APPPATH\Controllers\IncidenciaController.php on line 78.
 1 APPPATH\Controllers\IncidenciaController.php(78): CodeIgniter\Debug\Exceptions->errorHandler(2, 'Undefined variable $incidencias', 'C:\\xampp\\htdocs\\futbol_torneo\\futbol_torneo\\app\\Controllers\\IncidenciaController.php', 78)
 2 SYSTEMPATH\Autoloader\Autoloader.php(315): include_once('C:\\xampp\\htdocs\\futbol_torneo\\futbol_torneo\\app\\Controllers\\IncidenciaController.php')
 3 SYSTEMPATH\Autoloader\Autoloader.php(295): CodeIgniter\Autoloader\Autoloader->includeFile('C:\\xampp\\htdocs\\futbol_torneo\\futbol_torneo\\app\\Controllers\\IncidenciaController.php')
 4 SYSTEMPATH\Autoloader\Autoloader.php(271): CodeIgniter\Autoloader\Autoloader->loadInNamespace('App\\Controllers\\IncidenciaController')
 5 [internal function]: CodeIgniter\Autoloader\Autoloader->loadClass('App\\Controllers\\IncidenciaController')
 6 SYSTEMPATH\CodeIgniter.php(885): class_exists('\\App\\Controllers\\IncidenciaController', true)
 7 SYSTEMPATH\CodeIgniter.php(494): CodeIgniter\CodeIgniter->startController()
 8 SYSTEMPATH\CodeIgniter.php(354): CodeIgniter\CodeIgniter->handleRequest(null, Object(Config\Cache), false)
 9 SYSTEMPATH\Boot.php(363): CodeIgniter\CodeIgniter->run()
10 SYSTEMPATH\Boot.php(68): CodeIgniter\Boot::runCodeIgniter(Object(CodeIgniter\CodeIgniter))
11 FCPATH\index.php(59): CodeIgniter\Boot::bootWeb(Object(Config\Paths))
12 SYSTEMPATH\rewrite.php(44): require_once('C:\\xampp\\htdocs\\futbol_torneo\\futbol_torneo\\public\\index.php')
CRITICAL - 2025-10-15 05:35:19 --> ErrorException: Undefined variable $incidencias
[Method: GET, Route: incidencias/crear]
in APPPATH\Controllers\IncidenciaController.php on line 78.
 1 APPPATH\Controllers\IncidenciaController.php(78): CodeIgniter\Debug\Exceptions->errorHandler(2, 'Undefined variable $incidencias', 'C:\\xampp\\htdocs\\futbol_torneo\\futbol_torneo\\app\\Controllers\\IncidenciaController.php', 78)
 2 SYSTEMPATH\Autoloader\Autoloader.php(315): include_once('C:\\xampp\\htdocs\\futbol_torneo\\futbol_torneo\\app\\Controllers\\IncidenciaController.php')
 3 SYSTEMPATH\Autoloader\Autoloader.php(295): CodeIgniter\Autoloader\Autoloader->includeFile('C:\\xampp\\htdocs\\futbol_torneo\\futbol_torneo\\app\\Controllers\\IncidenciaController.php')
 4 SYSTEMPATH\Autoloader\Autoloader.php(271): CodeIgniter\Autoloader\Autoloader->loadInNamespace('App\\Controllers\\IncidenciaController')
 5 [internal function]: CodeIgniter\Autoloader\Autoloader->loadClass('App\\Controllers\\IncidenciaController')
 6 SYSTEMPATH\CodeIgniter.php(885): class_exists('\\App\\Controllers\\IncidenciaController', true)
 7 SYSTEMPATH\CodeIgniter.php(494): CodeIgniter\CodeIgniter->startController()
 8 SYSTEMPATH\CodeIgniter.php(354): CodeIgniter\CodeIgniter->handleRequest(null, Object(Config\Cache), false)
 9 SYSTEMPATH\Boot.php(363): CodeIgniter\CodeIgniter->run()
10 SYSTEMPATH\Boot.php(68): CodeIgniter\Boot::runCodeIgniter(Object(CodeIgniter\CodeIgniter))
11 FCPATH\index.php(59): CodeIgniter\Boot::bootWeb(Object(Config\Paths))
12 SYSTEMPATH\rewrite.php(44): require_once('C:\\xampp\\htdocs\\futbol_torneo\\futbol_torneo\\public\\index.php')
CRITICAL - 2025-10-15 06:05:21 --> CodeIgniter\View\Exceptions\ViewException: Invalid file: "incidencias/editar.php"
[Method: GET, Route: incidencias/editar/7]
in SYSTEMPATH\Exceptions\FrameworkException.php on line 39.
 1 SYSTEMPATH\View\View.php(214): CodeIgniter\Exceptions\FrameworkException::forInvalidFile('incidencias/editar.php')
 2 SYSTEMPATH\Common.php(1167): CodeIgniter\View\View->render('incidencias/editar', [], true)
 3 APPPATH\Controllers\IncidenciaController.php(63): view('incidencias/editar', [...])
 4 SYSTEMPATH\CodeIgniter.php(933): App\Controllers\IncidenciaController->editar('7')
 5 SYSTEMPATH\CodeIgniter.php(507): CodeIgniter\CodeIgniter->runController(Object(App\Controllers\IncidenciaController))
 6 SYSTEMPATH\CodeIgniter.php(354): CodeIgniter\CodeIgniter->handleRequest(null, Object(Config\Cache), false)
 7 SYSTEMPATH\Boot.php(363): CodeIgniter\CodeIgniter->run()
 8 SYSTEMPATH\Boot.php(68): CodeIgniter\Boot::runCodeIgniter(Object(CodeIgniter\CodeIgniter))
 9 FCPATH\index.php(59): CodeIgniter\Boot::bootWeb(Object(Config\Paths))
10 SYSTEMPATH\rewrite.php(44): require_once('C:\\xampp\\htdocs\\futbol_torneo\\futbol_torneo\\public\\index.php')
CRITICAL - 2025-10-15 06:08:55 --> CodeIgniter\View\Exceptions\ViewException: Invalid file: "incidencias/editar.php"
[Method: GET, Route: incidencias/editar/4]
in SYSTEMPATH\Exceptions\FrameworkException.php on line 39.
 1 SYSTEMPATH\View\View.php(214): CodeIgniter\Exceptions\FrameworkException::forInvalidFile('incidencias/editar.php')
 2 SYSTEMPATH\Common.php(1167): CodeIgniter\View\View->render('incidencias/editar', [], true)
 3 APPPATH\Controllers\IncidenciaController.php(63): view('incidencias/editar', [...])
 4 SYSTEMPATH\CodeIgniter.php(933): App\Controllers\IncidenciaController->editar('4')
 5 SYSTEMPATH\CodeIgniter.php(507): CodeIgniter\CodeIgniter->runController(Object(App\Controllers\IncidenciaController))
 6 SYSTEMPATH\CodeIgniter.php(354): CodeIgniter\CodeIgniter->handleRequest(null, Object(Config\Cache), false)
 7 SYSTEMPATH\Boot.php(363): CodeIgniter\CodeIgniter->run()
 8 SYSTEMPATH\Boot.php(68): CodeIgniter\Boot::runCodeIgniter(Object(CodeIgniter\CodeIgniter))
 9 FCPATH\index.php(59): CodeIgniter\Boot::bootWeb(Object(Config\Paths))
10 SYSTEMPATH\rewrite.php(44): require_once('C:\\xampp\\htdocs\\futbol_torneo\\futbol_torneo\\public\\index.php')
CRITICAL - 2025-10-15 06:20:15 --> CodeIgniter\View\Exceptions\ViewException: Invalid file: "incidencias/editar.php"
[Method: GET, Route: incidencias/editar/9]
in SYSTEMPATH\Exceptions\FrameworkException.php on line 39.
 1 SYSTEMPATH\View\View.php(214): CodeIgniter\Exceptions\FrameworkException::forInvalidFile('incidencias/editar.php')
 2 SYSTEMPATH\Common.php(1167): CodeIgniter\View\View->render('incidencias/editar', [], true)
 3 APPPATH\Controllers\IncidenciaController.php(63): view('incidencias/editar', [...])
 4 SYSTEMPATH\CodeIgniter.php(933): App\Controllers\IncidenciaController->editar('9')
 5 SYSTEMPATH\CodeIgniter.php(507): CodeIgniter\CodeIgniter->runController(Object(App\Controllers\IncidenciaController))
 6 SYSTEMPATH\CodeIgniter.php(354): CodeIgniter\CodeIgniter->handleRequest(null, Object(Config\Cache), false)
 7 SYSTEMPATH\Boot.php(363): CodeIgniter\CodeIgniter->run()
 8 SYSTEMPATH\Boot.php(68): CodeIgniter\Boot::runCodeIgniter(Object(CodeIgniter\CodeIgniter))
 9 FCPATH\index.php(59): CodeIgniter\Boot::bootWeb(Object(Config\Paths))
10 SYSTEMPATH\rewrite.php(44): require_once('C:\\xampp\\htdocs\\futbol_torneo\\futbol_torneo\\public\\index.php')
CRITICAL - 2025-10-15 06:20:53 --> CodeIgniter\View\Exceptions\ViewException: Invalid file: "incidencias/editar.php"
[Method: GET, Route: incidencias/editar/10]
in SYSTEMPATH\Exceptions\FrameworkException.php on line 39.
 1 SYSTEMPATH\View\View.php(214): CodeIgniter\Exceptions\FrameworkException::forInvalidFile('incidencias/editar.php')
 2 SYSTEMPATH\Common.php(1167): CodeIgniter\View\View->render('incidencias/editar', [], true)
 3 APPPATH\Controllers\IncidenciaController.php(63): view('incidencias/editar', [...])
 4 SYSTEMPATH\CodeIgniter.php(933): App\Controllers\IncidenciaController->editar('10')
 5 SYSTEMPATH\CodeIgniter.php(507): CodeIgniter\CodeIgniter->runController(Object(App\Controllers\IncidenciaController))
 6 SYSTEMPATH\CodeIgniter.php(354): CodeIgniter\CodeIgniter->handleRequest(null, Object(Config\Cache), false)
 7 SYSTEMPATH\Boot.php(363): CodeIgniter\CodeIgniter->run()
 8 SYSTEMPATH\Boot.php(68): CodeIgniter\Boot::runCodeIgniter(Object(CodeIgniter\CodeIgniter))
 9 FCPATH\index.php(59): CodeIgniter\Boot::bootWeb(Object(Config\Paths))
10 SYSTEMPATH\rewrite.php(44): require_once('C:\\xampp\\htdocs\\futbol_torneo\\futbol_torneo\\public\\index.php')
CRITICAL - 2025-10-15 06:27:02 --> CodeIgniter\View\Exceptions\ViewException: Invalid file: "incidencias/editar.php"
[Method: GET, Route: incidencias/editar/10]
in SYSTEMPATH\Exceptions\FrameworkException.php on line 39.
 1 SYSTEMPATH\View\View.php(214): CodeIgniter\Exceptions\FrameworkException::forInvalidFile('incidencias/editar.php')
 2 SYSTEMPATH\Common.php(1167): CodeIgniter\View\View->render('incidencias/editar', [], true)
 3 APPPATH\Controllers\IncidenciaController.php(63): view('incidencias/editar', [...])
 4 SYSTEMPATH\CodeIgniter.php(933): App\Controllers\IncidenciaController->editar('10')
 5 SYSTEMPATH\CodeIgniter.php(507): CodeIgniter\CodeIgniter->runController(Object(App\Controllers\IncidenciaController))
 6 SYSTEMPATH\CodeIgniter.php(354): CodeIgniter\CodeIgniter->handleRequest(null, Object(Config\Cache), false)
 7 SYSTEMPATH\Boot.php(363): CodeIgniter\CodeIgniter->run()
 8 SYSTEMPATH\Boot.php(68): CodeIgniter\Boot::runCodeIgniter(Object(CodeIgniter\CodeIgniter))
 9 FCPATH\index.php(59): CodeIgniter\Boot::bootWeb(Object(Config\Paths))
10 SYSTEMPATH\rewrite.php(44): require_once('C:\\xampp\\htdocs\\futbol_torneo\\futbol_torneo\\public\\index.php')
CRITICAL - 2025-10-15 06:29:47 --> CodeIgniter\View\Exceptions\ViewException: Invalid file: "incidencias/editar.php"
[Method: GET, Route: incidencias/editar/6]
in SYSTEMPATH\Exceptions\FrameworkException.php on line 39.
 1 SYSTEMPATH\View\View.php(214): CodeIgniter\Exceptions\FrameworkException::forInvalidFile('incidencias/editar.php')
 2 SYSTEMPATH\Common.php(1167): CodeIgniter\View\View->render('incidencias/editar', [], true)
 3 APPPATH\Controllers\IncidenciaController.php(63): view('incidencias/editar', [...])
 4 SYSTEMPATH\CodeIgniter.php(933): App\Controllers\IncidenciaController->editar('6')
 5 SYSTEMPATH\CodeIgniter.php(507): CodeIgniter\CodeIgniter->runController(Object(App\Controllers\IncidenciaController))
 6 SYSTEMPATH\CodeIgniter.php(354): CodeIgniter\CodeIgniter->handleRequest(null, Object(Config\Cache), false)
 7 SYSTEMPATH\Boot.php(363): CodeIgniter\CodeIgniter->run()
 8 SYSTEMPATH\Boot.php(68): CodeIgniter\Boot::runCodeIgniter(Object(CodeIgniter\CodeIgniter))
 9 FCPATH\index.php(59): CodeIgniter\Boot::bootWeb(Object(Config\Paths))
10 SYSTEMPATH\rewrite.php(44): require_once('C:\\xampp\\htdocs\\futbol_torneo\\futbol_torneo\\public\\index.php')
CRITICAL - 2025-10-15 06:30:38 --> CodeIgniter\View\Exceptions\ViewException: Invalid file: "incidencias/editar.php"
[Method: GET, Route: incidencias/editar/5]
in SYSTEMPATH\Exceptions\FrameworkException.php on line 39.
 1 SYSTEMPATH\View\View.php(214): CodeIgniter\Exceptions\FrameworkException::forInvalidFile('incidencias/editar.php')
 2 SYSTEMPATH\Common.php(1167): CodeIgniter\View\View->render('incidencias/editar', [], true)
 3 APPPATH\Controllers\IncidenciaController.php(63): view('incidencias/editar', [...])
 4 SYSTEMPATH\CodeIgniter.php(933): App\Controllers\IncidenciaController->editar('5')
 5 SYSTEMPATH\CodeIgniter.php(507): CodeIgniter\CodeIgniter->runController(Object(App\Controllers\IncidenciaController))
 6 SYSTEMPATH\CodeIgniter.php(354): CodeIgniter\CodeIgniter->handleRequest(null, Object(Config\Cache), false)
 7 SYSTEMPATH\Boot.php(363): CodeIgniter\CodeIgniter->run()
 8 SYSTEMPATH\Boot.php(68): CodeIgniter\Boot::runCodeIgniter(Object(CodeIgniter\CodeIgniter))
 9 FCPATH\index.php(59): CodeIgniter\Boot::bootWeb(Object(Config\Paths))
10 SYSTEMPATH\rewrite.php(44): require_once('C:\\xampp\\htdocs\\futbol_torneo\\futbol_torneo\\public\\index.php')
CRITICAL - 2025-10-15 06:31:21 --> CodeIgniter\View\Exceptions\ViewException: Invalid file: "incidencias/editar.php"
[Method: GET, Route: incidencias/editar/3]
in SYSTEMPATH\Exceptions\FrameworkException.php on line 39.
 1 SYSTEMPATH\View\View.php(214): CodeIgniter\Exceptions\FrameworkException::forInvalidFile('incidencias/editar.php')
 2 SYSTEMPATH\Common.php(1167): CodeIgniter\View\View->render('incidencias/editar', [], true)
 3 APPPATH\Controllers\IncidenciaController.php(63): view('incidencias/editar', [...])
 4 SYSTEMPATH\CodeIgniter.php(933): App\Controllers\IncidenciaController->editar('3')
 5 SYSTEMPATH\CodeIgniter.php(507): CodeIgniter\CodeIgniter->runController(Object(App\Controllers\IncidenciaController))
 6 SYSTEMPATH\CodeIgniter.php(354): CodeIgniter\CodeIgniter->handleRequest(null, Object(Config\Cache), false)
 7 SYSTEMPATH\Boot.php(363): CodeIgniter\CodeIgniter->run()
 8 SYSTEMPATH\Boot.php(68): CodeIgniter\Boot::runCodeIgniter(Object(CodeIgniter\CodeIgniter))
 9 FCPATH\index.php(59): CodeIgniter\Boot::bootWeb(Object(Config\Paths))
10 SYSTEMPATH\rewrite.php(44): require_once('C:\\xampp\\htdocs\\futbol_torneo\\futbol_torneo\\public\\index.php')
CRITICAL - 2025-10-15 06:32:22 --> CodeIgniter\View\Exceptions\ViewException: Invalid file: "incidencias/editar.php"
[Method: GET, Route: incidencias/editar/6]
in SYSTEMPATH\Exceptions\FrameworkException.php on line 39.
 1 SYSTEMPATH\View\View.php(214): CodeIgniter\Exceptions\FrameworkException::forInvalidFile('incidencias/editar.php')
 2 SYSTEMPATH\Common.php(1167): CodeIgniter\View\View->render('incidencias/editar', [], true)
 3 APPPATH\Controllers\IncidenciaController.php(63): view('incidencias/editar', [...])
 4 SYSTEMPATH\CodeIgniter.php(933): App\Controllers\IncidenciaController->editar('6')
 5 SYSTEMPATH\CodeIgniter.php(507): CodeIgniter\CodeIgniter->runController(Object(App\Controllers\IncidenciaController))
 6 SYSTEMPATH\CodeIgniter.php(354): CodeIgniter\CodeIgniter->handleRequest(null, Object(Config\Cache), false)
 7 SYSTEMPATH\Boot.php(363): CodeIgniter\CodeIgniter->run()
 8 SYSTEMPATH\Boot.php(68): CodeIgniter\Boot::runCodeIgniter(Object(CodeIgniter\CodeIgniter))
 9 FCPATH\index.php(59): CodeIgniter\Boot::bootWeb(Object(Config\Paths))
10 SYSTEMPATH\rewrite.php(44): require_once('C:\\xampp\\htdocs\\futbol_torneo\\futbol_torneo\\public\\index.php')
CRITICAL - 2025-10-15 06:38:43 --> CodeIgniter\View\Exceptions\ViewException: Invalid file: "incidencias/editar.php"
[Method: GET, Route: incidencias/editar/6]
in SYSTEMPATH\Exceptions\FrameworkException.php on line 39.
 1 SYSTEMPATH\View\View.php(214): CodeIgniter\Exceptions\FrameworkException::forInvalidFile('incidencias/editar.php')
 2 SYSTEMPATH\Common.php(1167): CodeIgniter\View\View->render('incidencias/editar', [], true)
 3 APPPATH\Controllers\IncidenciaController.php(63): view('incidencias/editar', [...])
 4 SYSTEMPATH\CodeIgniter.php(933): App\Controllers\IncidenciaController->editar('6id')
 5 SYSTEMPATH\CodeIgniter.php(507): CodeIgniter\CodeIgniter->runController(Object(App\Controllers\IncidenciaController))
 6 SYSTEMPATH\CodeIgniter.php(354): CodeIgniter\CodeIgniter->handleRequest(null, Object(Config\Cache), false)
 7 SYSTEMPATH\Boot.php(363): CodeIgniter\CodeIgniter->run()
 8 SYSTEMPATH\Boot.php(68): CodeIgniter\Boot::runCodeIgniter(Object(CodeIgniter\CodeIgniter))
 9 FCPATH\index.php(59): CodeIgniter\Boot::bootWeb(Object(Config\Paths))
10 SYSTEMPATH\rewrite.php(44): require_once('C:\\xampp\\htdocs\\futbol_torneo\\futbol_torneo\\public\\index.php')
CRITICAL - 2025-10-15 06:38:50 --> CodeIgniter\View\Exceptions\ViewException: Invalid file: "incidencias/editar.php"
[Method: GET, Route: incidencias/editar/7]
in SYSTEMPATH\Exceptions\FrameworkException.php on line 39.
 1 SYSTEMPATH\View\View.php(214): CodeIgniter\Exceptions\FrameworkException::forInvalidFile('incidencias/editar.php')
 2 SYSTEMPATH\Common.php(1167): CodeIgniter\View\View->render('incidencias/editar', [], true)
 3 APPPATH\Controllers\IncidenciaController.php(63): view('incidencias/editar', [...])
 4 SYSTEMPATH\CodeIgniter.php(933): App\Controllers\IncidenciaController->editar('7id')
 5 SYSTEMPATH\CodeIgniter.php(507): CodeIgniter\CodeIgniter->runController(Object(App\Controllers\IncidenciaController))
 6 SYSTEMPATH\CodeIgniter.php(354): CodeIgniter\CodeIgniter->handleRequest(null, Object(Config\Cache), false)
 7 SYSTEMPATH\Boot.php(363): CodeIgniter\CodeIgniter->run()
 8 SYSTEMPATH\Boot.php(68): CodeIgniter\Boot::runCodeIgniter(Object(CodeIgniter\CodeIgniter))
 9 FCPATH\index.php(59): CodeIgniter\Boot::bootWeb(Object(Config\Paths))
10 SYSTEMPATH\rewrite.php(44): require_once('C:\\xampp\\htdocs\\futbol_torneo\\futbol_torneo\\public\\index.php')
CRITICAL - 2025-10-15 06:41:13 --> CodeIgniter\View\Exceptions\ViewException: Invalid file: "incidencias/editar.php"
[Method: GET, Route: incidencias/editar/9]
in SYSTEMPATH\Exceptions\FrameworkException.php on line 39.
 1 SYSTEMPATH\View\View.php(214): CodeIgniter\Exceptions\FrameworkException::forInvalidFile('incidencias/editar.php')
 2 SYSTEMPATH\Common.php(1167): CodeIgniter\View\View->render('incidencias/editar', [], true)
 3 APPPATH\Controllers\IncidenciaController.php(59): view('incidencias/editar', [...])
 4 SYSTEMPATH\CodeIgniter.php(933): App\Controllers\IncidenciaController->editar('9')
 5 SYSTEMPATH\CodeIgniter.php(507): CodeIgniter\CodeIgniter->runController(Object(App\Controllers\IncidenciaController))
 6 SYSTEMPATH\CodeIgniter.php(354): CodeIgniter\CodeIgniter->handleRequest(null, Object(Config\Cache), false)
 7 SYSTEMPATH\Boot.php(363): CodeIgniter\CodeIgniter->run()
 8 SYSTEMPATH\Boot.php(68): CodeIgniter\Boot::runCodeIgniter(Object(CodeIgniter\CodeIgniter))
 9 FCPATH\index.php(59): CodeIgniter\Boot::bootWeb(Object(Config\Paths))
10 SYSTEMPATH\rewrite.php(44): require_once('C:\\xampp\\htdocs\\futbol_torneo\\futbol_torneo\\public\\index.php')
CRITICAL - 2025-10-15 06:42:36 --> CodeIgniter\View\Exceptions\ViewException: Invalid file: "incidencias/editar.php"
[Method: GET, Route: incidencias/editar/9]
in SYSTEMPATH\Exceptions\FrameworkException.php on line 39.
 1 SYSTEMPATH\View\View.php(214): CodeIgniter\Exceptions\FrameworkException::forInvalidFile('incidencias/editar.php')
 2 SYSTEMPATH\Common.php(1167): CodeIgniter\View\View->render('incidencias/editar', [], true)
 3 APPPATH\Controllers\IncidenciaController.php(59): view('incidencias/editar', [...])
 4 SYSTEMPATH\CodeIgniter.php(933): App\Controllers\IncidenciaController->editar('9')
 5 SYSTEMPATH\CodeIgniter.php(507): CodeIgniter\CodeIgniter->runController(Object(App\Controllers\IncidenciaController))
 6 SYSTEMPATH\CodeIgniter.php(354): CodeIgniter\CodeIgniter->handleRequest(null, Object(Config\Cache), false)
 7 SYSTEMPATH\Boot.php(363): CodeIgniter\CodeIgniter->run()
 8 SYSTEMPATH\Boot.php(68): CodeIgniter\Boot::runCodeIgniter(Object(CodeIgniter\CodeIgniter))
 9 FCPATH\index.php(59): CodeIgniter\Boot::bootWeb(Object(Config\Paths))
10 SYSTEMPATH\rewrite.php(44): require_once('C:\\xampp\\htdocs\\futbol_torneo\\futbol_torneo\\public\\index.php')
CRITICAL - 2025-10-15 06:42:46 --> CodeIgniter\View\Exceptions\ViewException: Invalid file: "incidencias/editar.php"
[Method: GET, Route: incidencias/editar/5]
in SYSTEMPATH\Exceptions\FrameworkException.php on line 39.
 1 SYSTEMPATH\View\View.php(214): CodeIgniter\Exceptions\FrameworkException::forInvalidFile('incidencias/editar.php')
 2 SYSTEMPATH\Common.php(1167): CodeIgniter\View\View->render('incidencias/editar', [], true)
 3 APPPATH\Controllers\IncidenciaController.php(59): view('incidencias/editar', [...])
 4 SYSTEMPATH\CodeIgniter.php(933): App\Controllers\IncidenciaController->editar('5')
 5 SYSTEMPATH\CodeIgniter.php(507): CodeIgniter\CodeIgniter->runController(Object(App\Controllers\IncidenciaController))
 6 SYSTEMPATH\CodeIgniter.php(354): CodeIgniter\CodeIgniter->handleRequest(null, Object(Config\Cache), false)
 7 SYSTEMPATH\Boot.php(363): CodeIgniter\CodeIgniter->run()
 8 SYSTEMPATH\Boot.php(68): CodeIgniter\Boot::runCodeIgniter(Object(CodeIgniter\CodeIgniter))
 9 FCPATH\index.php(59): CodeIgniter\Boot::bootWeb(Object(Config\Paths))
10 SYSTEMPATH\rewrite.php(44): require_once('C:\\xampp\\htdocs\\futbol_torneo\\futbol_torneo\\public\\index.php')
CRITICAL - 2025-10-15 06:42:48 --> CodeIgniter\View\Exceptions\ViewException: Invalid file: "incidencias/editar.php"
[Method: GET, Route: incidencias/editar/5]
in SYSTEMPATH\Exceptions\FrameworkException.php on line 39.
 1 SYSTEMPATH\View\View.php(214): CodeIgniter\Exceptions\FrameworkException::forInvalidFile('incidencias/editar.php')
 2 SYSTEMPATH\Common.php(1167): CodeIgniter\View\View->render('incidencias/editar', [], true)
 3 APPPATH\Controllers\IncidenciaController.php(59): view('incidencias/editar', [...])
 4 SYSTEMPATH\CodeIgniter.php(933): App\Controllers\IncidenciaController->editar('5')
 5 SYSTEMPATH\CodeIgniter.php(507): CodeIgniter\CodeIgniter->runController(Object(App\Controllers\IncidenciaController))
 6 SYSTEMPATH\CodeIgniter.php(354): CodeIgniter\CodeIgniter->handleRequest(null, Object(Config\Cache), false)
 7 SYSTEMPATH\Boot.php(363): CodeIgniter\CodeIgniter->run()
 8 SYSTEMPATH\Boot.php(68): CodeIgniter\Boot::runCodeIgniter(Object(CodeIgniter\CodeIgniter))
 9 FCPATH\index.php(59): CodeIgniter\Boot::bootWeb(Object(Config\Paths))
10 SYSTEMPATH\rewrite.php(44): require_once('C:\\xampp\\htdocs\\futbol_torneo\\futbol_torneo\\public\\index.php')
CRITICAL - 2025-10-15 06:45:16 --> CodeIgniter\View\Exceptions\ViewException: Invalid file: "incidencias/editar.php"
[Method: GET, Route: incidencias/editar/5]
in SYSTEMPATH\Exceptions\FrameworkException.php on line 39.
 1 SYSTEMPATH\View\View.php(214): CodeIgniter\Exceptions\FrameworkException::forInvalidFile('incidencias/editar.php')
 2 SYSTEMPATH\Common.php(1167): CodeIgniter\View\View->render('incidencias/editar', [], true)
 3 APPPATH\Controllers\IncidenciaController.php(59): view('incidencias/editar', [...])
 4 SYSTEMPATH\CodeIgniter.php(933): App\Controllers\IncidenciaController->editar('5')
 5 SYSTEMPATH\CodeIgniter.php(507): CodeIgniter\CodeIgniter->runController(Object(App\Controllers\IncidenciaController))
 6 SYSTEMPATH\CodeIgniter.php(354): CodeIgniter\CodeIgniter->handleRequest(null, Object(Config\Cache), false)
 7 SYSTEMPATH\Boot.php(363): CodeIgniter\CodeIgniter->run()
 8 SYSTEMPATH\Boot.php(68): CodeIgniter\Boot::runCodeIgniter(Object(CodeIgniter\CodeIgniter))
 9 FCPATH\index.php(59): CodeIgniter\Boot::bootWeb(Object(Config\Paths))
10 SYSTEMPATH\rewrite.php(44): require_once('C:\\xampp\\htdocs\\futbol_torneo\\futbol_torneo\\public\\index.php')
CRITICAL - 2025-10-15 06:45:17 --> ErrorException: Undefined array key "nombre"
[Method: GET, Route: incidencias]
in APPPATH\Views\incidencias\_rows.php on line 4.
 1 APPPATH\Views\incidencias\_rows.php(4): CodeIgniter\Debug\Exceptions->errorHandler(2, 'Undefined array key "nombre"', 'C:\\xampp\\htdocs\\futbol_torneo\\futbol_torneo\\app\\Views\\incidencias\\_rows.php', 4)
 2 SYSTEMPATH\View\View.php(226): include('C:\\xampp\\htdocs\\futbol_torneo\\futbol_torneo\\app\\Views\\incidencias\\_rows.php')
 3 SYSTEMPATH\View\View.php(229): CodeIgniter\View\View->CodeIgniter\View\{closure}()
 4 SYSTEMPATH\View\View.php(475): CodeIgniter\View\View->render('incidencias/_rows', [...], true)
 5 APPPATH\Views\incidencias\lista.php(36): CodeIgniter\View\View->include('incidencias/_rows', [...])
 6 SYSTEMPATH\View\View.php(226): include('C:\\xampp\\htdocs\\futbol_torneo\\futbol_torneo\\app\\Views\\incidencias\\lista.php')
 7 SYSTEMPATH\View\View.php(229): CodeIgniter\View\View->CodeIgniter\View\{closure}()
 8 SYSTEMPATH\Common.php(1167): CodeIgniter\View\View->render('incidencias/lista', [], true)
 9 APPPATH\Controllers\IncidenciaController.php(27): view('incidencias/lista', [...])
10 SYSTEMPATH\CodeIgniter.php(933): App\Controllers\IncidenciaController->index()
11 SYSTEMPATH\CodeIgniter.php(507): CodeIgniter\CodeIgniter->runController(Object(App\Controllers\IncidenciaController))
12 SYSTEMPATH\CodeIgniter.php(354): CodeIgniter\CodeIgniter->handleRequest(null, Object(Config\Cache), false)
13 SYSTEMPATH\Boot.php(363): CodeIgniter\CodeIgniter->run()
14 SYSTEMPATH\Boot.php(68): CodeIgniter\Boot::runCodeIgniter(Object(CodeIgniter\CodeIgniter))
15 FCPATH\index.php(59): CodeIgniter\Boot::bootWeb(Object(Config\Paths))
16 SYSTEMPATH\rewrite.php(44): require_once('C:\\xampp\\htdocs\\futbol_torneo\\futbol_torneo\\public\\index.php')
CRITICAL - 2025-10-15 06:45:20 --> ErrorException: Undefined array key "nombre"
[Method: GET, Route: incidencias]
in APPPATH\Views\incidencias\_rows.php on line 4.
 1 APPPATH\Views\incidencias\_rows.php(4): CodeIgniter\Debug\Exceptions->errorHandler(2, 'Undefined array key "nombre"', 'C:\\xampp\\htdocs\\futbol_torneo\\futbol_torneo\\app\\Views\\incidencias\\_rows.php', 4)
 2 SYSTEMPATH\View\View.php(226): include('C:\\xampp\\htdocs\\futbol_torneo\\futbol_torneo\\app\\Views\\incidencias\\_rows.php')
 3 SYSTEMPATH\View\View.php(229): CodeIgniter\View\View->CodeIgniter\View\{closure}()
 4 SYSTEMPATH\View\View.php(475): CodeIgniter\View\View->render('incidencias/_rows', [...], true)
 5 APPPATH\Views\incidencias\lista.php(36): CodeIgniter\View\View->include('incidencias/_rows', [...])
 6 SYSTEMPATH\View\View.php(226): include('C:\\xampp\\htdocs\\futbol_torneo\\futbol_torneo\\app\\Views\\incidencias\\lista.php')
 7 SYSTEMPATH\View\View.php(229): CodeIgniter\View\View->CodeIgniter\View\{closure}()
 8 SYSTEMPATH\Common.php(1167): CodeIgniter\View\View->render('incidencias/lista', [], true)
 9 APPPATH\Controllers\IncidenciaController.php(27): view('incidencias/lista', [...])
10 SYSTEMPATH\CodeIgniter.php(933): App\Controllers\IncidenciaController->index()
11 SYSTEMPATH\CodeIgniter.php(507): CodeIgniter\CodeIgniter->runController(Object(App\Controllers\IncidenciaController))
12 SYSTEMPATH\CodeIgniter.php(354): CodeIgniter\CodeIgniter->handleRequest(null, Object(Config\Cache), false)
13 SYSTEMPATH\Boot.php(363): CodeIgniter\CodeIgniter->run()
14 SYSTEMPATH\Boot.php(68): CodeIgniter\Boot::runCodeIgniter(Object(CodeIgniter\CodeIgniter))
15 FCPATH\index.php(59): CodeIgniter\Boot::bootWeb(Object(Config\Paths))
16 SYSTEMPATH\rewrite.php(44): require_once('C:\\xampp\\htdocs\\futbol_torneo\\futbol_torneo\\public\\index.php')
CRITICAL - 2025-10-15 06:45:21 --> ErrorException: Undefined array key "nombre"
[Method: GET, Route: incidencias]
in APPPATH\Views\incidencias\_rows.php on line 4.
 1 APPPATH\Views\incidencias\_rows.php(4): CodeIgniter\Debug\Exceptions->errorHandler(2, 'Undefined array key "nombre"', 'C:\\xampp\\htdocs\\futbol_torneo\\futbol_torneo\\app\\Views\\incidencias\\_rows.php', 4)
 2 SYSTEMPATH\View\View.php(226): include('C:\\xampp\\htdocs\\futbol_torneo\\futbol_torneo\\app\\Views\\incidencias\\_rows.php')
 3 SYSTEMPATH\View\View.php(229): CodeIgniter\View\View->CodeIgniter\View\{closure}()
 4 SYSTEMPATH\View\View.php(475): CodeIgniter\View\View->render('incidencias/_rows', [...], true)
 5 APPPATH\Views\incidencias\lista.php(36): CodeIgniter\View\View->include('incidencias/_rows', [...])
 6 SYSTEMPATH\View\View.php(226): include('C:\\xampp\\htdocs\\futbol_torneo\\futbol_torneo\\app\\Views\\incidencias\\lista.php')
 7 SYSTEMPATH\View\View.php(229): CodeIgniter\View\View->CodeIgniter\View\{closure}()
 8 SYSTEMPATH\Common.php(1167): CodeIgniter\View\View->render('incidencias/lista', [], true)
 9 APPPATH\Controllers\IncidenciaController.php(27): view('incidencias/lista', [...])
10 SYSTEMPATH\CodeIgniter.php(933): App\Controllers\IncidenciaController->index()
11 SYSTEMPATH\CodeIgniter.php(507): CodeIgniter\CodeIgniter->runController(Object(App\Controllers\IncidenciaController))
12 SYSTEMPATH\CodeIgniter.php(354): CodeIgniter\CodeIgniter->handleRequest(null, Object(Config\Cache), false)
13 SYSTEMPATH\Boot.php(363): CodeIgniter\CodeIgniter->run()
14 SYSTEMPATH\Boot.php(68): CodeIgniter\Boot::runCodeIgniter(Object(CodeIgniter\CodeIgniter))
15 FCPATH\index.php(59): CodeIgniter\Boot::bootWeb(Object(Config\Paths))
16 SYSTEMPATH\rewrite.php(44): require_once('C:\\xampp\\htdocs\\futbol_torneo\\futbol_torneo\\public\\index.php')
CRITICAL - 2025-10-15 06:46:08 --> ErrorException: Undefined array key "nombre"
[Method: GET, Route: incidencias]
in APPPATH\Views\incidencias\_rows.php on line 4.
 1 APPPATH\Views\incidencias\_rows.php(4): CodeIgniter\Debug\Exceptions->errorHandler(2, 'Undefined array key "nombre"', 'C:\\xampp\\htdocs\\futbol_torneo\\futbol_torneo\\app\\Views\\incidencias\\_rows.php', 4)
 2 SYSTEMPATH\View\View.php(226): include('C:\\xampp\\htdocs\\futbol_torneo\\futbol_torneo\\app\\Views\\incidencias\\_rows.php')
 3 SYSTEMPATH\View\View.php(229): CodeIgniter\View\View->CodeIgniter\View\{closure}()
 4 SYSTEMPATH\View\View.php(475): CodeIgniter\View\View->render('incidencias/_rows', [...], true)
 5 APPPATH\Views\incidencias\lista.php(36): CodeIgniter\View\View->include('incidencias/_rows', [...])
 6 SYSTEMPATH\View\View.php(226): include('C:\\xampp\\htdocs\\futbol_torneo\\futbol_torneo\\app\\Views\\incidencias\\lista.php')
 7 SYSTEMPATH\View\View.php(229): CodeIgniter\View\View->CodeIgniter\View\{closure}()
 8 SYSTEMPATH\Common.php(1167): CodeIgniter\View\View->render('incidencias/lista', [], true)
 9 APPPATH\Controllers\IncidenciaController.php(27): view('incidencias/lista', [...])
10 SYSTEMPATH\CodeIgniter.php(933): App\Controllers\IncidenciaController->index()
11 SYSTEMPATH\CodeIgniter.php(507): CodeIgniter\CodeIgniter->runController(Object(App\Controllers\IncidenciaController))
12 SYSTEMPATH\CodeIgniter.php(354): CodeIgniter\CodeIgniter->handleRequest(null, Object(Config\Cache), false)
13 SYSTEMPATH\Boot.php(363): CodeIgniter\CodeIgniter->run()
14 SYSTEMPATH\Boot.php(68): CodeIgniter\Boot::runCodeIgniter(Object(CodeIgniter\CodeIgniter))
15 FCPATH\index.php(59): CodeIgniter\Boot::bootWeb(Object(Config\Paths))
16 SYSTEMPATH\rewrite.php(44): require_once('C:\\xampp\\htdocs\\futbol_torneo\\futbol_torneo\\public\\index.php')
CRITICAL - 2025-10-15 06:47:01 --> ErrorException: Undefined array key "nombre"
[Method: GET, Route: incidencias]
in APPPATH\Views\incidencias\_rows.php on line 4.
 1 APPPATH\Views\incidencias\_rows.php(4): CodeIgniter\Debug\Exceptions->errorHandler(2, 'Undefined array key "nombre"', 'C:\\xampp\\htdocs\\futbol_torneo\\futbol_torneo\\app\\Views\\incidencias\\_rows.php', 4)
 2 SYSTEMPATH\View\View.php(226): include('C:\\xampp\\htdocs\\futbol_torneo\\futbol_torneo\\app\\Views\\incidencias\\_rows.php')
 3 SYSTEMPATH\View\View.php(229): CodeIgniter\View\View->CodeIgniter\View\{closure}()
 4 SYSTEMPATH\View\View.php(475): CodeIgniter\View\View->render('incidencias/_rows', [...], true)
 5 APPPATH\Views\incidencias\lista.php(36): CodeIgniter\View\View->include('incidencias/_rows', [...])
 6 SYSTEMPATH\View\View.php(226): include('C:\\xampp\\htdocs\\futbol_torneo\\futbol_torneo\\app\\Views\\incidencias\\lista.php')
 7 SYSTEMPATH\View\View.php(229): CodeIgniter\View\View->CodeIgniter\View\{closure}()
 8 SYSTEMPATH\Common.php(1167): CodeIgniter\View\View->render('incidencias/lista', [], true)
 9 APPPATH\Controllers\IncidenciaController.php(27): view('incidencias/lista', [...])
10 SYSTEMPATH\CodeIgniter.php(933): App\Controllers\IncidenciaController->index()
11 SYSTEMPATH\CodeIgniter.php(507): CodeIgniter\CodeIgniter->runController(Object(App\Controllers\IncidenciaController))
12 SYSTEMPATH\CodeIgniter.php(354): CodeIgniter\CodeIgniter->handleRequest(null, Object(Config\Cache), false)
13 SYSTEMPATH\Boot.php(363): CodeIgniter\CodeIgniter->run()
14 SYSTEMPATH\Boot.php(68): CodeIgniter\Boot::runCodeIgniter(Object(CodeIgniter\CodeIgniter))
15 FCPATH\index.php(59): CodeIgniter\Boot::bootWeb(Object(Config\Paths))
16 SYSTEMPATH\rewrite.php(44): require_once('C:\\xampp\\htdocs\\futbol_torneo\\futbol_torneo\\public\\index.php')
CRITICAL - 2025-10-15 06:47:05 --> ErrorException: Undefined array key "nombre"
[Method: GET, Route: incidencias]
in APPPATH\Views\incidencias\_rows.php on line 4.
 1 APPPATH\Views\incidencias\_rows.php(4): CodeIgniter\Debug\Exceptions->errorHandler(2, 'Undefined array key "nombre"', 'C:\\xampp\\htdocs\\futbol_torneo\\futbol_torneo\\app\\Views\\incidencias\\_rows.php', 4)
 2 SYSTEMPATH\View\View.php(226): include('C:\\xampp\\htdocs\\futbol_torneo\\futbol_torneo\\app\\Views\\incidencias\\_rows.php')
 3 SYSTEMPATH\View\View.php(229): CodeIgniter\View\View->CodeIgniter\View\{closure}()
 4 SYSTEMPATH\View\View.php(475): CodeIgniter\View\View->render('incidencias/_rows', [...], true)
 5 APPPATH\Views\incidencias\lista.php(36): CodeIgniter\View\View->include('incidencias/_rows', [...])
 6 SYSTEMPATH\View\View.php(226): include('C:\\xampp\\htdocs\\futbol_torneo\\futbol_torneo\\app\\Views\\incidencias\\lista.php')
 7 SYSTEMPATH\View\View.php(229): CodeIgniter\View\View->CodeIgniter\View\{closure}()
 8 SYSTEMPATH\Common.php(1167): CodeIgniter\View\View->render('incidencias/lista', [], true)
 9 APPPATH\Controllers\IncidenciaController.php(27): view('incidencias/lista', [...])
10 SYSTEMPATH\CodeIgniter.php(933): App\Controllers\IncidenciaController->index()
11 SYSTEMPATH\CodeIgniter.php(507): CodeIgniter\CodeIgniter->runController(Object(App\Controllers\IncidenciaController))
12 SYSTEMPATH\CodeIgniter.php(354): CodeIgniter\CodeIgniter->handleRequest(null, Object(Config\Cache), false)
13 SYSTEMPATH\Boot.php(363): CodeIgniter\CodeIgniter->run()
14 SYSTEMPATH\Boot.php(68): CodeIgniter\Boot::runCodeIgniter(Object(CodeIgniter\CodeIgniter))
15 FCPATH\index.php(59): CodeIgniter\Boot::bootWeb(Object(Config\Paths))
16 SYSTEMPATH\rewrite.php(44): require_once('C:\\xampp\\htdocs\\futbol_torneo\\futbol_torneo\\public\\index.php')
CRITICAL - 2025-10-15 06:47:41 --> ErrorException: Undefined array key "nombre"
[Method: GET, Route: incidencias]
in APPPATH\Views\incidencias\_rows.php on line 4.
 1 APPPATH\Views\incidencias\_rows.php(4): CodeIgniter\Debug\Exceptions->errorHandler(2, 'Undefined array key "nombre"', 'C:\\xampp\\htdocs\\futbol_torneo\\futbol_torneo\\app\\Views\\incidencias\\_rows.php', 4)
 2 SYSTEMPATH\View\View.php(226): include('C:\\xampp\\htdocs\\futbol_torneo\\futbol_torneo\\app\\Views\\incidencias\\_rows.php')
 3 SYSTEMPATH\View\View.php(229): CodeIgniter\View\View->CodeIgniter\View\{closure}()
 4 SYSTEMPATH\View\View.php(475): CodeIgniter\View\View->render('incidencias/_rows', [...], true)
 5 APPPATH\Views\incidencias\lista.php(36): CodeIgniter\View\View->include('incidencias/_rows', [...])
 6 SYSTEMPATH\View\View.php(226): include('C:\\xampp\\htdocs\\futbol_torneo\\futbol_torneo\\app\\Views\\incidencias\\lista.php')
 7 SYSTEMPATH\View\View.php(229): CodeIgniter\View\View->CodeIgniter\View\{closure}()
 8 SYSTEMPATH\Common.php(1167): CodeIgniter\View\View->render('incidencias/lista', [], true)
 9 APPPATH\Controllers\IncidenciaController.php(27): view('incidencias/lista', [...])
10 SYSTEMPATH\CodeIgniter.php(933): App\Controllers\IncidenciaController->index()
11 SYSTEMPATH\CodeIgniter.php(507): CodeIgniter\CodeIgniter->runController(Object(App\Controllers\IncidenciaController))
12 SYSTEMPATH\CodeIgniter.php(354): CodeIgniter\CodeIgniter->handleRequest(null, Object(Config\Cache), false)
13 SYSTEMPATH\Boot.php(363): CodeIgniter\CodeIgniter->run()
14 SYSTEMPATH\Boot.php(68): CodeIgniter\Boot::runCodeIgniter(Object(CodeIgniter\CodeIgniter))
15 FCPATH\index.php(59): CodeIgniter\Boot::bootWeb(Object(Config\Paths))
16 SYSTEMPATH\rewrite.php(44): require_once('C:\\xampp\\htdocs\\futbol_torneo\\futbol_torneo\\public\\index.php')
CRITICAL - 2025-10-15 06:48:24 --> ErrorException: Undefined array key "nombre"
[Method: GET, Route: incidencias]
in APPPATH\Views\incidencias\_rows.php on line 4.
 1 APPPATH\Views\incidencias\_rows.php(4): CodeIgniter\Debug\Exceptions->errorHandler(2, 'Undefined array key "nombre"', 'C:\\xampp\\htdocs\\futbol_torneo\\futbol_torneo\\app\\Views\\incidencias\\_rows.php', 4)
 2 SYSTEMPATH\View\View.php(226): include('C:\\xampp\\htdocs\\futbol_torneo\\futbol_torneo\\app\\Views\\incidencias\\_rows.php')
 3 SYSTEMPATH\View\View.php(229): CodeIgniter\View\View->CodeIgniter\View\{closure}()
 4 SYSTEMPATH\View\View.php(475): CodeIgniter\View\View->render('incidencias/_rows', [...], true)
 5 APPPATH\Views\incidencias\lista.php(36): CodeIgniter\View\View->include('incidencias/_rows', [...])
 6 SYSTEMPATH\View\View.php(226): include('C:\\xampp\\htdocs\\futbol_torneo\\futbol_torneo\\app\\Views\\incidencias\\lista.php')
 7 SYSTEMPATH\View\View.php(229): CodeIgniter\View\View->CodeIgniter\View\{closure}()
 8 SYSTEMPATH\Common.php(1167): CodeIgniter\View\View->render('incidencias/lista', [], true)
 9 APPPATH\Controllers\IncidenciaController.php(27): view('incidencias/lista', [...])
10 SYSTEMPATH\CodeIgniter.php(933): App\Controllers\IncidenciaController->index()
11 SYSTEMPATH\CodeIgniter.php(507): CodeIgniter\CodeIgniter->runController(Object(App\Controllers\IncidenciaController))
12 SYSTEMPATH\CodeIgniter.php(354): CodeIgniter\CodeIgniter->handleRequest(null, Object(Config\Cache), false)
13 SYSTEMPATH\Boot.php(363): CodeIgniter\CodeIgniter->run()
14 SYSTEMPATH\Boot.php(68): CodeIgniter\Boot::runCodeIgniter(Object(CodeIgniter\CodeIgniter))
15 FCPATH\index.php(59): CodeIgniter\Boot::bootWeb(Object(Config\Paths))
16 SYSTEMPATH\rewrite.php(44): require_once('C:\\xampp\\htdocs\\futbol_torneo\\futbol_torneo\\public\\index.php')
CRITICAL - 2025-10-15 06:49:00 --> ErrorException: Undefined array key "nombre"
[Method: GET, Route: incidencias]
in APPPATH\Views\incidencias\_rows.php on line 4.
 1 APPPATH\Views\incidencias\_rows.php(4): CodeIgniter\Debug\Exceptions->errorHandler(2, 'Undefined array key "nombre"', 'C:\\xampp\\htdocs\\futbol_torneo\\futbol_torneo\\app\\Views\\incidencias\\_rows.php', 4)
 2 SYSTEMPATH\View\View.php(226): include('C:\\xampp\\htdocs\\futbol_torneo\\futbol_torneo\\app\\Views\\incidencias\\_rows.php')
 3 SYSTEMPATH\View\View.php(229): CodeIgniter\View\View->CodeIgniter\View\{closure}()
 4 SYSTEMPATH\View\View.php(475): CodeIgniter\View\View->render('incidencias/_rows', [...], true)
 5 APPPATH\Views\incidencias\lista.php(36): CodeIgniter\View\View->include('incidencias/_rows', [...])
 6 SYSTEMPATH\View\View.php(226): include('C:\\xampp\\htdocs\\futbol_torneo\\futbol_torneo\\app\\Views\\incidencias\\lista.php')
 7 SYSTEMPATH\View\View.php(229): CodeIgniter\View\View->CodeIgniter\View\{closure}()
 8 SYSTEMPATH\Common.php(1167): CodeIgniter\View\View->render('incidencias/lista', [], true)
 9 APPPATH\Controllers\IncidenciaController.php(27): view('incidencias/lista', [...])
10 SYSTEMPATH\CodeIgniter.php(933): App\Controllers\IncidenciaController->index()
11 SYSTEMPATH\CodeIgniter.php(507): CodeIgniter\CodeIgniter->runController(Object(App\Controllers\IncidenciaController))
12 SYSTEMPATH\CodeIgniter.php(354): CodeIgniter\CodeIgniter->handleRequest(null, Object(Config\Cache), false)
13 SYSTEMPATH\Boot.php(363): CodeIgniter\CodeIgniter->run()
14 SYSTEMPATH\Boot.php(68): CodeIgniter\Boot::runCodeIgniter(Object(CodeIgniter\CodeIgniter))
15 FCPATH\index.php(59): CodeIgniter\Boot::bootWeb(Object(Config\Paths))
16 SYSTEMPATH\rewrite.php(44): require_once('C:\\xampp\\htdocs\\futbol_torneo\\futbol_torneo\\public\\index.php')
CRITICAL - 2025-10-15 06:49:02 --> ErrorException: Undefined array key "nombre"
[Method: GET, Route: incidencias]
in APPPATH\Views\incidencias\_rows.php on line 4.
 1 APPPATH\Views\incidencias\_rows.php(4): CodeIgniter\Debug\Exceptions->errorHandler(2, 'Undefined array key "nombre"', 'C:\\xampp\\htdocs\\futbol_torneo\\futbol_torneo\\app\\Views\\incidencias\\_rows.php', 4)
 2 SYSTEMPATH\View\View.php(226): include('C:\\xampp\\htdocs\\futbol_torneo\\futbol_torneo\\app\\Views\\incidencias\\_rows.php')
 3 SYSTEMPATH\View\View.php(229): CodeIgniter\View\View->CodeIgniter\View\{closure}()
 4 SYSTEMPATH\View\View.php(475): CodeIgniter\View\View->render('incidencias/_rows', [...], true)
 5 APPPATH\Views\incidencias\lista.php(36): CodeIgniter\View\View->include('incidencias/_rows', [...])
 6 SYSTEMPATH\View\View.php(226): include('C:\\xampp\\htdocs\\futbol_torneo\\futbol_torneo\\app\\Views\\incidencias\\lista.php')
 7 SYSTEMPATH\View\View.php(229): CodeIgniter\View\View->CodeIgniter\View\{closure}()
 8 SYSTEMPATH\Common.php(1167): CodeIgniter\View\View->render('incidencias/lista', [], true)
 9 APPPATH\Controllers\IncidenciaController.php(27): view('incidencias/lista', [...])
10 SYSTEMPATH\CodeIgniter.php(933): App\Controllers\IncidenciaController->index()
11 SYSTEMPATH\CodeIgniter.php(507): CodeIgniter\CodeIgniter->runController(Object(App\Controllers\IncidenciaController))
12 SYSTEMPATH\CodeIgniter.php(354): CodeIgniter\CodeIgniter->handleRequest(null, Object(Config\Cache), false)
13 SYSTEMPATH\Boot.php(363): CodeIgniter\CodeIgniter->run()
14 SYSTEMPATH\Boot.php(68): CodeIgniter\Boot::runCodeIgniter(Object(CodeIgniter\CodeIgniter))
15 FCPATH\index.php(59): CodeIgniter\Boot::bootWeb(Object(Config\Paths))
16 SYSTEMPATH\rewrite.php(44): require_once('C:\\xampp\\htdocs\\futbol_torneo\\futbol_torneo\\public\\index.php')
CRITICAL - 2025-10-15 06:49:18 --> ErrorException: Undefined array key "nombre"
[Method: GET, Route: incidencias]
in APPPATH\Views\incidencias\_rows.php on line 4.
 1 APPPATH\Views\incidencias\_rows.php(4): CodeIgniter\Debug\Exceptions->errorHandler(2, 'Undefined array key "nombre"', 'C:\\xampp\\htdocs\\futbol_torneo\\futbol_torneo\\app\\Views\\incidencias\\_rows.php', 4)
 2 SYSTEMPATH\View\View.php(226): include('C:\\xampp\\htdocs\\futbol_torneo\\futbol_torneo\\app\\Views\\incidencias\\_rows.php')
 3 SYSTEMPATH\View\View.php(229): CodeIgniter\View\View->CodeIgniter\View\{closure}()
 4 SYSTEMPATH\View\View.php(475): CodeIgniter\View\View->render('incidencias/_rows', [...], true)
 5 APPPATH\Views\incidencias\lista.php(36): CodeIgniter\View\View->include('incidencias/_rows', [...])
 6 SYSTEMPATH\View\View.php(226): include('C:\\xampp\\htdocs\\futbol_torneo\\futbol_torneo\\app\\Views\\incidencias\\lista.php')
 7 SYSTEMPATH\View\View.php(229): CodeIgniter\View\View->CodeIgniter\View\{closure}()
 8 SYSTEMPATH\Common.php(1167): CodeIgniter\View\View->render('incidencias/lista', [], true)
 9 APPPATH\Controllers\IncidenciaController.php(27): view('incidencias/lista', [...])
10 SYSTEMPATH\CodeIgniter.php(933): App\Controllers\IncidenciaController->index()
11 SYSTEMPATH\CodeIgniter.php(507): CodeIgniter\CodeIgniter->runController(Object(App\Controllers\IncidenciaController))
12 SYSTEMPATH\CodeIgniter.php(354): CodeIgniter\CodeIgniter->handleRequest(null, Object(Config\Cache), false)
13 SYSTEMPATH\Boot.php(363): CodeIgniter\CodeIgniter->run()
14 SYSTEMPATH\Boot.php(68): CodeIgniter\Boot::runCodeIgniter(Object(CodeIgniter\CodeIgniter))
15 FCPATH\index.php(59): CodeIgniter\Boot::bootWeb(Object(Config\Paths))
16 SYSTEMPATH\rewrite.php(44): require_once('C:\\xampp\\htdocs\\futbol_torneo\\futbol_torneo\\public\\index.php')
CRITICAL - 2025-10-15 06:49:21 --> ErrorException: Undefined array key "nombre"
[Method: GET, Route: incidencias]
in APPPATH\Views\incidencias\_rows.php on line 4.
 1 APPPATH\Views\incidencias\_rows.php(4): CodeIgniter\Debug\Exceptions->errorHandler(2, 'Undefined array key "nombre"', 'C:\\xampp\\htdocs\\futbol_torneo\\futbol_torneo\\app\\Views\\incidencias\\_rows.php', 4)
 2 SYSTEMPATH\View\View.php(226): include('C:\\xampp\\htdocs\\futbol_torneo\\futbol_torneo\\app\\Views\\incidencias\\_rows.php')
 3 SYSTEMPATH\View\View.php(229): CodeIgniter\View\View->CodeIgniter\View\{closure}()
 4 SYSTEMPATH\View\View.php(475): CodeIgniter\View\View->render('incidencias/_rows', [...], true)
 5 APPPATH\Views\incidencias\lista.php(36): CodeIgniter\View\View->include('incidencias/_rows', [...])
 6 SYSTEMPATH\View\View.php(226): include('C:\\xampp\\htdocs\\futbol_torneo\\futbol_torneo\\app\\Views\\incidencias\\lista.php')
 7 SYSTEMPATH\View\View.php(229): CodeIgniter\View\View->CodeIgniter\View\{closure}()
 8 SYSTEMPATH\Common.php(1167): CodeIgniter\View\View->render('incidencias/lista', [], true)
 9 APPPATH\Controllers\IncidenciaController.php(27): view('incidencias/lista', [...])
10 SYSTEMPATH\CodeIgniter.php(933): App\Controllers\IncidenciaController->index()
11 SYSTEMPATH\CodeIgniter.php(507): CodeIgniter\CodeIgniter->runController(Object(App\Controllers\IncidenciaController))
12 SYSTEMPATH\CodeIgniter.php(354): CodeIgniter\CodeIgniter->handleRequest(null, Object(Config\Cache), false)
13 SYSTEMPATH\Boot.php(363): CodeIgniter\CodeIgniter->run()
14 SYSTEMPATH\Boot.php(68): CodeIgniter\Boot::runCodeIgniter(Object(CodeIgniter\CodeIgniter))
15 FCPATH\index.php(59): CodeIgniter\Boot::bootWeb(Object(Config\Paths))
16 SYSTEMPATH\rewrite.php(44): require_once('C:\\xampp\\htdocs\\futbol_torneo\\futbol_torneo\\public\\index.php')
CRITICAL - 2025-10-15 06:50:19 --> CodeIgniter\View\Exceptions\ViewException: Invalid file: "incidencias/editar.php"
[Method: GET, Route: incidencias/editar/11]
in SYSTEMPATH\Exceptions\FrameworkException.php on line 39.
 1 SYSTEMPATH\View\View.php(214): CodeIgniter\Exceptions\FrameworkException::forInvalidFile('incidencias/editar.php')
 2 SYSTEMPATH\Common.php(1167): CodeIgniter\View\View->render('incidencias/editar', [], true)
 3 APPPATH\Controllers\IncidenciaController.php(59): view('incidencias/editar', [...])
 4 SYSTEMPATH\CodeIgniter.php(933): App\Controllers\IncidenciaController->editar('11')
 5 SYSTEMPATH\CodeIgniter.php(507): CodeIgniter\CodeIgniter->runController(Object(App\Controllers\IncidenciaController))
 6 SYSTEMPATH\CodeIgniter.php(354): CodeIgniter\CodeIgniter->handleRequest(null, Object(Config\Cache), false)
 7 SYSTEMPATH\Boot.php(363): CodeIgniter\CodeIgniter->run()
 8 SYSTEMPATH\Boot.php(68): CodeIgniter\Boot::runCodeIgniter(Object(CodeIgniter\CodeIgniter))
 9 FCPATH\index.php(59): CodeIgniter\Boot::bootWeb(Object(Config\Paths))
10 SYSTEMPATH\rewrite.php(44): require_once('C:\\xampp\\htdocs\\futbol_torneo\\futbol_torneo\\public\\index.php')
CRITICAL - 2025-10-15 06:55:53 --> CodeIgniter\View\Exceptions\ViewException: Invalid file: "incidencias/editar.php"
[Method: GET, Route: incidencias/editar/6]
in SYSTEMPATH\Exceptions\FrameworkException.php on line 39.
 1 SYSTEMPATH\View\View.php(214): CodeIgniter\Exceptions\FrameworkException::forInvalidFile('incidencias/editar.php')
 2 SYSTEMPATH\Common.php(1167): CodeIgniter\View\View->render('incidencias/editar', [], true)
 3 APPPATH\Controllers\IncidenciaController.php(59): view('incidencias/editar', [...])
 4 SYSTEMPATH\CodeIgniter.php(933): App\Controllers\IncidenciaController->editar('6')
 5 SYSTEMPATH\CodeIgniter.php(507): CodeIgniter\CodeIgniter->runController(Object(App\Controllers\IncidenciaController))
 6 SYSTEMPATH\CodeIgniter.php(354): CodeIgniter\CodeIgniter->handleRequest(null, Object(Config\Cache), false)
 7 SYSTEMPATH\Boot.php(363): CodeIgniter\CodeIgniter->run()
 8 SYSTEMPATH\Boot.php(68): CodeIgniter\Boot::runCodeIgniter(Object(CodeIgniter\CodeIgniter))
 9 FCPATH\index.php(59): CodeIgniter\Boot::bootWeb(Object(Config\Paths))
10 SYSTEMPATH\rewrite.php(44): require_once('C:\\xampp\\htdocs\\futbol_torneo\\futbol_torneo\\public\\index.php')
CRITICAL - 2025-10-15 06:57:16 --> CodeIgniter\View\Exceptions\ViewException: Invalid file: "incidencias/editar.php"
[Method: GET, Route: incidencias/editar/6]
in SYSTEMPATH\Exceptions\FrameworkException.php on line 39.
 1 SYSTEMPATH\View\View.php(214): CodeIgniter\Exceptions\FrameworkException::forInvalidFile('incidencias/editar.php')
 2 SYSTEMPATH\Common.php(1167): CodeIgniter\View\View->render('incidencias/editar', [], true)
 3 APPPATH\Controllers\IncidenciaController.php(60): view('incidencias/editar', [...])
 4 SYSTEMPATH\CodeIgniter.php(933): App\Controllers\IncidenciaController->editar('6')
 5 SYSTEMPATH\CodeIgniter.php(507): CodeIgniter\CodeIgniter->runController(Object(App\Controllers\IncidenciaController))
 6 SYSTEMPATH\CodeIgniter.php(354): CodeIgniter\CodeIgniter->handleRequest(null, Object(Config\Cache), false)
 7 SYSTEMPATH\Boot.php(363): CodeIgniter\CodeIgniter->run()
 8 SYSTEMPATH\Boot.php(68): CodeIgniter\Boot::runCodeIgniter(Object(CodeIgniter\CodeIgniter))
 9 FCPATH\index.php(59): CodeIgniter\Boot::bootWeb(Object(Config\Paths))
10 SYSTEMPATH\rewrite.php(44): require_once('C:\\xampp\\htdocs\\futbol_torneo\\futbol_torneo\\public\\index.php')
CRITICAL - 2025-10-15 06:57:21 --> CodeIgniter\View\Exceptions\ViewException: Invalid file: "incidencias/editar.php"
[Method: GET, Route: incidencias/editar/7]
in SYSTEMPATH\Exceptions\FrameworkException.php on line 39.
 1 SYSTEMPATH\View\View.php(214): CodeIgniter\Exceptions\FrameworkException::forInvalidFile('incidencias/editar.php')
 2 SYSTEMPATH\Common.php(1167): CodeIgniter\View\View->render('incidencias/editar', [], true)
 3 APPPATH\Controllers\IncidenciaController.php(60): view('incidencias/editar', [...])
 4 SYSTEMPATH\CodeIgniter.php(933): App\Controllers\IncidenciaController->editar('7')
 5 SYSTEMPATH\CodeIgniter.php(507): CodeIgniter\CodeIgniter->runController(Object(App\Controllers\IncidenciaController))
 6 SYSTEMPATH\CodeIgniter.php(354): CodeIgniter\CodeIgniter->handleRequest(null, Object(Config\Cache), false)
 7 SYSTEMPATH\Boot.php(363): CodeIgniter\CodeIgniter->run()
 8 SYSTEMPATH\Boot.php(68): CodeIgniter\Boot::runCodeIgniter(Object(CodeIgniter\CodeIgniter))
 9 FCPATH\index.php(59): CodeIgniter\Boot::bootWeb(Object(Config\Paths))
10 SYSTEMPATH\rewrite.php(44): require_once('C:\\xampp\\htdocs\\futbol_torneo\\futbol_torneo\\public\\index.php')
CRITICAL - 2025-10-15 06:58:48 --> CodeIgniter\View\Exceptions\ViewException: Invalid file: "incidencias/editar.php"
[Method: GET, Route: incidencias/editar/6]
in SYSTEMPATH\Exceptions\FrameworkException.php on line 39.
 1 SYSTEMPATH\View\View.php(214): CodeIgniter\Exceptions\FrameworkException::forInvalidFile('incidencias/editar.php')
 2 SYSTEMPATH\Common.php(1167): CodeIgniter\View\View->render('incidencias/editar', [], true)
 3 APPPATH\Controllers\IncidenciaController.php(60): view('incidencias/editar', [...])
 4 SYSTEMPATH\CodeIgniter.php(933): App\Controllers\IncidenciaController->editar('6')
 5 SYSTEMPATH\CodeIgniter.php(507): CodeIgniter\CodeIgniter->runController(Object(App\Controllers\IncidenciaController))
 6 SYSTEMPATH\CodeIgniter.php(354): CodeIgniter\CodeIgniter->handleRequest(null, Object(Config\Cache), false)
 7 SYSTEMPATH\Boot.php(363): CodeIgniter\CodeIgniter->run()
 8 SYSTEMPATH\Boot.php(68): CodeIgniter\Boot::runCodeIgniter(Object(CodeIgniter\CodeIgniter))
 9 FCPATH\index.php(59): CodeIgniter\Boot::bootWeb(Object(Config\Paths))
10 SYSTEMPATH\rewrite.php(44): require_once('C:\\xampp\\htdocs\\futbol_torneo\\futbol_torneo\\public\\index.php')
CRITICAL - 2025-10-15 06:59:56 --> CodeIgniter\View\Exceptions\ViewException: Invalid file: "incidencias/editar.php"
[Method: GET, Route: incidencias/editar/6]
in SYSTEMPATH\Exceptions\FrameworkException.php on line 39.
 1 SYSTEMPATH\View\View.php(214): CodeIgniter\Exceptions\FrameworkException::forInvalidFile('incidencias/editar.php')
 2 SYSTEMPATH\Common.php(1167): CodeIgniter\View\View->render('incidencias/editar', [], true)
 3 APPPATH\Controllers\IncidenciaController.php(59): view('incidencias/editar', [...])
 4 SYSTEMPATH\CodeIgniter.php(933): App\Controllers\IncidenciaController->editar('6')
 5 SYSTEMPATH\CodeIgniter.php(507): CodeIgniter\CodeIgniter->runController(Object(App\Controllers\IncidenciaController))
 6 SYSTEMPATH\CodeIgniter.php(354): CodeIgniter\CodeIgniter->handleRequest(null, Object(Config\Cache), false)
 7 SYSTEMPATH\Boot.php(363): CodeIgniter\CodeIgniter->run()
 8 SYSTEMPATH\Boot.php(68): CodeIgniter\Boot::runCodeIgniter(Object(CodeIgniter\CodeIgniter))
 9 FCPATH\index.php(59): CodeIgniter\Boot::bootWeb(Object(Config\Paths))
10 SYSTEMPATH\rewrite.php(44): require_once('C:\\xampp\\htdocs\\futbol_torneo\\futbol_torneo\\public\\index.php')
CRITICAL - 2025-10-15 06:59:57 --> CodeIgniter\View\Exceptions\ViewException: Invalid file: "incidencias/editar.php"
[Method: GET, Route: incidencias/editar/6]
in SYSTEMPATH\Exceptions\FrameworkException.php on line 39.
 1 SYSTEMPATH\View\View.php(214): CodeIgniter\Exceptions\FrameworkException::forInvalidFile('incidencias/editar.php')
 2 SYSTEMPATH\Common.php(1167): CodeIgniter\View\View->render('incidencias/editar', [], true)
 3 APPPATH\Controllers\IncidenciaController.php(59): view('incidencias/editar', [...])
 4 SYSTEMPATH\CodeIgniter.php(933): App\Controllers\IncidenciaController->editar('6')
 5 SYSTEMPATH\CodeIgniter.php(507): CodeIgniter\CodeIgniter->runController(Object(App\Controllers\IncidenciaController))
 6 SYSTEMPATH\CodeIgniter.php(354): CodeIgniter\CodeIgniter->handleRequest(null, Object(Config\Cache), false)
 7 SYSTEMPATH\Boot.php(363): CodeIgniter\CodeIgniter->run()
 8 SYSTEMPATH\Boot.php(68): CodeIgniter\Boot::runCodeIgniter(Object(CodeIgniter\CodeIgniter))
 9 FCPATH\index.php(59): CodeIgniter\Boot::bootWeb(Object(Config\Paths))
10 SYSTEMPATH\rewrite.php(44): require_once('C:\\xampp\\htdocs\\futbol_torneo\\futbol_torneo\\public\\index.php')
CRITICAL - 2025-10-15 07:00:05 --> CodeIgniter\View\Exceptions\ViewException: Invalid file: "incidencias/editar.php"
[Method: GET, Route: incidencias/editar/12]
in SYSTEMPATH\Exceptions\FrameworkException.php on line 39.
 1 SYSTEMPATH\View\View.php(214): CodeIgniter\Exceptions\FrameworkException::forInvalidFile('incidencias/editar.php')
 2 SYSTEMPATH\Common.php(1167): CodeIgniter\View\View->render('incidencias/editar', [], true)
 3 APPPATH\Controllers\IncidenciaController.php(59): view('incidencias/editar', [...])
 4 SYSTEMPATH\CodeIgniter.php(933): App\Controllers\IncidenciaController->editar('12')
 5 SYSTEMPATH\CodeIgniter.php(507): CodeIgniter\CodeIgniter->runController(Object(App\Controllers\IncidenciaController))
 6 SYSTEMPATH\CodeIgniter.php(354): CodeIgniter\CodeIgniter->handleRequest(null, Object(Config\Cache), false)
 7 SYSTEMPATH\Boot.php(363): CodeIgniter\CodeIgniter->run()
 8 SYSTEMPATH\Boot.php(68): CodeIgniter\Boot::runCodeIgniter(Object(CodeIgniter\CodeIgniter))
 9 FCPATH\index.php(59): CodeIgniter\Boot::bootWeb(Object(Config\Paths))
10 SYSTEMPATH\rewrite.php(44): require_once('C:\\xampp\\htdocs\\futbol_torneo\\futbol_torneo\\public\\index.php')
CRITICAL - 2025-10-15 07:02:13 --> CodeIgniter\View\Exceptions\ViewException: Invalid file: "incidencias/editar.php"
[Method: GET, Route: incidencias/editar/12]
in SYSTEMPATH\Exceptions\FrameworkException.php on line 39.
 1 SYSTEMPATH\View\View.php(214): CodeIgniter\Exceptions\FrameworkException::forInvalidFile('incidencias/editar.php')
 2 SYSTEMPATH\Common.php(1167): CodeIgniter\View\View->render('incidencias/editar', [], true)
 3 APPPATH\Controllers\IncidenciaController.php(65): view('incidencias/editar', [...])
 4 SYSTEMPATH\CodeIgniter.php(933): App\Controllers\IncidenciaController->editar('12')
 5 SYSTEMPATH\CodeIgniter.php(507): CodeIgniter\CodeIgniter->runController(Object(App\Controllers\IncidenciaController))
 6 SYSTEMPATH\CodeIgniter.php(354): CodeIgniter\CodeIgniter->handleRequest(null, Object(Config\Cache), false)
 7 SYSTEMPATH\Boot.php(363): CodeIgniter\CodeIgniter->run()
 8 SYSTEMPATH\Boot.php(68): CodeIgniter\Boot::runCodeIgniter(Object(CodeIgniter\CodeIgniter))
 9 FCPATH\index.php(59): CodeIgniter\Boot::bootWeb(Object(Config\Paths))
10 SYSTEMPATH\rewrite.php(44): require_once('C:\\xampp\\htdocs\\futbol_torneo\\futbol_torneo\\public\\index.php')
CRITICAL - 2025-10-15 07:03:58 --> CodeIgniter\View\Exceptions\ViewException: Invalid file: "incidencias/editar.php"
[Method: GET, Route: incidencias/editar/12]
in SYSTEMPATH\Exceptions\FrameworkException.php on line 39.
 1 SYSTEMPATH\View\View.php(214): CodeIgniter\Exceptions\FrameworkException::forInvalidFile('incidencias/editar.php')
 2 SYSTEMPATH\Common.php(1167): CodeIgniter\View\View->render('incidencias/editar', [], true)
 3 APPPATH\Controllers\IncidenciaController.php(65): view('incidencias/editar', [...])
 4 SYSTEMPATH\CodeIgniter.php(933): App\Controllers\IncidenciaController->editar('12')
 5 SYSTEMPATH\CodeIgniter.php(507): CodeIgniter\CodeIgniter->runController(Object(App\Controllers\IncidenciaController))
 6 SYSTEMPATH\CodeIgniter.php(354): CodeIgniter\CodeIgniter->handleRequest(null, Object(Config\Cache), false)
 7 SYSTEMPATH\Boot.php(363): CodeIgniter\CodeIgniter->run()
 8 SYSTEMPATH\Boot.php(68): CodeIgniter\Boot::runCodeIgniter(Object(CodeIgniter\CodeIgniter))
 9 FCPATH\index.php(59): CodeIgniter\Boot::bootWeb(Object(Config\Paths))
10 SYSTEMPATH\rewrite.php(44): require_once('C:\\xampp\\htdocs\\futbol_torneo\\futbol_torneo\\public\\index.php')
CRITICAL - 2025-10-15 07:04:06 --> CodeIgniter\View\Exceptions\ViewException: Invalid file: "incidencias/editar.php"
[Method: GET, Route: incidencias/editar/9]
in SYSTEMPATH\Exceptions\FrameworkException.php on line 39.
 1 SYSTEMPATH\View\View.php(214): CodeIgniter\Exceptions\FrameworkException::forInvalidFile('incidencias/editar.php')
 2 SYSTEMPATH\Common.php(1167): CodeIgniter\View\View->render('incidencias/editar', [], true)
 3 APPPATH\Controllers\IncidenciaController.php(65): view('incidencias/editar', [...])
 4 SYSTEMPATH\CodeIgniter.php(933): App\Controllers\IncidenciaController->editar('9')
 5 SYSTEMPATH\CodeIgniter.php(507): CodeIgniter\CodeIgniter->runController(Object(App\Controllers\IncidenciaController))
 6 SYSTEMPATH\CodeIgniter.php(354): CodeIgniter\CodeIgniter->handleRequest(null, Object(Config\Cache), false)
 7 SYSTEMPATH\Boot.php(363): CodeIgniter\CodeIgniter->run()
 8 SYSTEMPATH\Boot.php(68): CodeIgniter\Boot::runCodeIgniter(Object(CodeIgniter\CodeIgniter))
 9 FCPATH\index.php(59): CodeIgniter\Boot::bootWeb(Object(Config\Paths))
10 SYSTEMPATH\rewrite.php(44): require_once('C:\\xampp\\htdocs\\futbol_torneo\\futbol_torneo\\public\\index.php')
CRITICAL - 2025-10-15 07:06:47 --> CodeIgniter\View\Exceptions\ViewException: Invalid file: "incidencias/editar.php"
[Method: GET, Route: incidencias/editar/11]
in SYSTEMPATH\Exceptions\FrameworkException.php on line 39.
 1 SYSTEMPATH\View\View.php(214): CodeIgniter\Exceptions\FrameworkException::forInvalidFile('incidencias/editar.php')
 2 SYSTEMPATH\Common.php(1167): CodeIgniter\View\View->render('incidencias/editar', [], true)
 3 APPPATH\Controllers\IncidenciaController.php(65): view('incidencias/editar', [...])
 4 SYSTEMPATH\CodeIgniter.php(933): App\Controllers\IncidenciaController->editar('11')
 5 SYSTEMPATH\CodeIgniter.php(507): CodeIgniter\CodeIgniter->runController(Object(App\Controllers\IncidenciaController))
 6 SYSTEMPATH\CodeIgniter.php(354): CodeIgniter\CodeIgniter->handleRequest(null, Object(Config\Cache), false)
 7 SYSTEMPATH\Boot.php(363): CodeIgniter\CodeIgniter->run()
 8 SYSTEMPATH\Boot.php(68): CodeIgniter\Boot::runCodeIgniter(Object(CodeIgniter\CodeIgniter))
 9 FCPATH\index.php(59): CodeIgniter\Boot::bootWeb(Object(Config\Paths))
10 SYSTEMPATH\rewrite.php(44): require_once('C:\\xampp\\htdocs\\futbol_torneo\\futbol_torneo\\public\\index.php')
CRITICAL - 2025-10-15 07:06:49 --> CodeIgniter\View\Exceptions\ViewException: Invalid file: "incidencias/editar.php"
[Method: GET, Route: incidencias/editar/11]
in SYSTEMPATH\Exceptions\FrameworkException.php on line 39.
 1 SYSTEMPATH\View\View.php(214): CodeIgniter\Exceptions\FrameworkException::forInvalidFile('incidencias/editar.php')
 2 SYSTEMPATH\Common.php(1167): CodeIgniter\View\View->render('incidencias/editar', [], true)
 3 APPPATH\Controllers\IncidenciaController.php(65): view('incidencias/editar', [...])
 4 SYSTEMPATH\CodeIgniter.php(933): App\Controllers\IncidenciaController->editar('11')
 5 SYSTEMPATH\CodeIgniter.php(507): CodeIgniter\CodeIgniter->runController(Object(App\Controllers\IncidenciaController))
 6 SYSTEMPATH\CodeIgniter.php(354): CodeIgniter\CodeIgniter->handleRequest(null, Object(Config\Cache), false)
 7 SYSTEMPATH\Boot.php(363): CodeIgniter\CodeIgniter->run()
 8 SYSTEMPATH\Boot.php(68): CodeIgniter\Boot::runCodeIgniter(Object(CodeIgniter\CodeIgniter))
 9 FCPATH\index.php(59): CodeIgniter\Boot::bootWeb(Object(Config\Paths))
10 SYSTEMPATH\rewrite.php(44): require_once('C:\\xampp\\htdocs\\futbol_torneo\\futbol_torneo\\public\\index.php')
CRITICAL - 2025-10-15 07:09:34 --> CodeIgniter\View\Exceptions\ViewException: Invalid file: "incidencias/editar.php"
[Method: GET, Route: incidencias/editar/5]
in SYSTEMPATH\Exceptions\FrameworkException.php on line 39.
 1 SYSTEMPATH\View\View.php(214): CodeIgniter\Exceptions\FrameworkException::forInvalidFile('incidencias/editar.php')
 2 SYSTEMPATH\Common.php(1167): CodeIgniter\View\View->render('incidencias/editar', [], true)
 3 APPPATH\Controllers\IncidenciaController.php(65): view('incidencias/editar', [...])
 4 SYSTEMPATH\CodeIgniter.php(933): App\Controllers\IncidenciaController->editar('5')
 5 SYSTEMPATH\CodeIgniter.php(507): CodeIgniter\CodeIgniter->runController(Object(App\Controllers\IncidenciaController))
 6 SYSTEMPATH\CodeIgniter.php(354): CodeIgniter\CodeIgniter->handleRequest(null, Object(Config\Cache), false)
 7 SYSTEMPATH\Boot.php(363): CodeIgniter\CodeIgniter->run()
 8 SYSTEMPATH\Boot.php(68): CodeIgniter\Boot::runCodeIgniter(Object(CodeIgniter\CodeIgniter))
 9 FCPATH\index.php(59): CodeIgniter\Boot::bootWeb(Object(Config\Paths))
10 SYSTEMPATH\rewrite.php(44): require_once('C:\\xampp\\htdocs\\futbol_torneo\\futbol_torneo\\public\\index.php')
CRITICAL - 2025-10-15 07:18:44 --> CodeIgniter\View\Exceptions\ViewException: Invalid file: "incidencias/editar.php"
[Method: GET, Route: incidencias/editar/9]
in SYSTEMPATH\Exceptions\FrameworkException.php on line 39.
 1 SYSTEMPATH\View\View.php(214): CodeIgniter\Exceptions\FrameworkException::forInvalidFile('incidencias/editar.php')
 2 SYSTEMPATH\Common.php(1167): CodeIgniter\View\View->render('incidencias/editar', [], true)
 3 APPPATH\Controllers\IncidenciaController.php(65): view('incidencias/editar', [...])
 4 SYSTEMPATH\CodeIgniter.php(933): App\Controllers\IncidenciaController->editar('9')
 5 SYSTEMPATH\CodeIgniter.php(507): CodeIgniter\CodeIgniter->runController(Object(App\Controllers\IncidenciaController))
 6 SYSTEMPATH\CodeIgniter.php(354): CodeIgniter\CodeIgniter->handleRequest(null, Object(Config\Cache), false)
 7 SYSTEMPATH\Boot.php(363): CodeIgniter\CodeIgniter->run()
 8 SYSTEMPATH\Boot.php(68): CodeIgniter\Boot::runCodeIgniter(Object(CodeIgniter\CodeIgniter))
 9 FCPATH\index.php(59): CodeIgniter\Boot::bootWeb(Object(Config\Paths))
10 SYSTEMPATH\rewrite.php(44): require_once('C:\\xampp\\htdocs\\futbol_torneo\\futbol_torneo\\public\\index.php')
CRITICAL - 2025-10-15 07:20:25 --> CodeIgniter\View\Exceptions\ViewException: Invalid file: "incidencias/editar.php"
[Method: GET, Route: incidencias/editar/9]
in SYSTEMPATH\Exceptions\FrameworkException.php on line 39.
 1 SYSTEMPATH\View\View.php(214): CodeIgniter\Exceptions\FrameworkException::forInvalidFile('incidencias/editar.php')
 2 SYSTEMPATH\Common.php(1167): CodeIgniter\View\View->render('incidencias/editar', [], true)
 3 APPPATH\Controllers\IncidenciaController.php(65): view('incidencias/editar', [...])
 4 SYSTEMPATH\CodeIgniter.php(933): App\Controllers\IncidenciaController->editar('9')
 5 SYSTEMPATH\CodeIgniter.php(507): CodeIgniter\CodeIgniter->runController(Object(App\Controllers\IncidenciaController))
 6 SYSTEMPATH\CodeIgniter.php(354): CodeIgniter\CodeIgniter->handleRequest(null, Object(Config\Cache), false)
 7 SYSTEMPATH\Boot.php(363): CodeIgniter\CodeIgniter->run()
 8 SYSTEMPATH\Boot.php(68): CodeIgniter\Boot::runCodeIgniter(Object(CodeIgniter\CodeIgniter))
 9 FCPATH\index.php(59): CodeIgniter\Boot::bootWeb(Object(Config\Paths))
10 SYSTEMPATH\rewrite.php(44): require_once('C:\\xampp\\htdocs\\futbol_torneo\\futbol_torneo\\public\\index.php')
CRITICAL - 2025-10-15 07:20:33 --> CodeIgniter\View\Exceptions\ViewException: Invalid file: "incidencias/editar.php"
[Method: GET, Route: incidencias/editar/6]
in SYSTEMPATH\Exceptions\FrameworkException.php on line 39.
 1 SYSTEMPATH\View\View.php(214): CodeIgniter\Exceptions\FrameworkException::forInvalidFile('incidencias/editar.php')
 2 SYSTEMPATH\Common.php(1167): CodeIgniter\View\View->render('incidencias/editar', [], true)
 3 APPPATH\Controllers\IncidenciaController.php(65): view('incidencias/editar', [...])
 4 SYSTEMPATH\CodeIgniter.php(933): App\Controllers\IncidenciaController->editar('6')
 5 SYSTEMPATH\CodeIgniter.php(507): CodeIgniter\CodeIgniter->runController(Object(App\Controllers\IncidenciaController))
 6 SYSTEMPATH\CodeIgniter.php(354): CodeIgniter\CodeIgniter->handleRequest(null, Object(Config\Cache), false)
 7 SYSTEMPATH\Boot.php(363): CodeIgniter\CodeIgniter->run()
 8 SYSTEMPATH\Boot.php(68): CodeIgniter\Boot::runCodeIgniter(Object(CodeIgniter\CodeIgniter))
 9 FCPATH\index.php(59): CodeIgniter\Boot::bootWeb(Object(Config\Paths))
10 SYSTEMPATH\rewrite.php(44): require_once('C:\\xampp\\htdocs\\futbol_torneo\\futbol_torneo\\public\\index.php')
CRITICAL - 2025-10-15 07:22:39 --> CodeIgniter\View\Exceptions\ViewException: Invalid file: "incidencias/editar.php"
[Method: GET, Route: incidencias/editar/5]
in SYSTEMPATH\Exceptions\FrameworkException.php on line 39.
 1 SYSTEMPATH\View\View.php(214): CodeIgniter\Exceptions\FrameworkException::forInvalidFile('incidencias/editar.php')
 2 SYSTEMPATH\Common.php(1167): CodeIgniter\View\View->render('incidencias/editar', [], true)
 3 APPPATH\Controllers\IncidenciaController.php(65): view('incidencias/editar', [...])
 4 SYSTEMPATH\CodeIgniter.php(933): App\Controllers\IncidenciaController->editar('5')
 5 SYSTEMPATH\CodeIgniter.php(507): CodeIgniter\CodeIgniter->runController(Object(App\Controllers\IncidenciaController))
 6 SYSTEMPATH\CodeIgniter.php(354): CodeIgniter\CodeIgniter->handleRequest(null, Object(Config\Cache), false)
 7 SYSTEMPATH\Boot.php(363): CodeIgniter\CodeIgniter->run()
 8 SYSTEMPATH\Boot.php(68): CodeIgniter\Boot::runCodeIgniter(Object(CodeIgniter\CodeIgniter))
 9 FCPATH\index.php(59): CodeIgniter\Boot::bootWeb(Object(Config\Paths))
10 SYSTEMPATH\rewrite.php(44): require_once('C:\\xampp\\htdocs\\futbol_torneo\\futbol_torneo\\public\\index.php')
CRITICAL - 2025-10-15 07:23:27 --> CodeIgniter\View\Exceptions\ViewException: Invalid file: "incidencias/editar.php"
[Method: GET, Route: incidencias/editar/9]
in SYSTEMPATH\Exceptions\FrameworkException.php on line 39.
 1 SYSTEMPATH\View\View.php(214): CodeIgniter\Exceptions\FrameworkException::forInvalidFile('incidencias/editar.php')
 2 SYSTEMPATH\Common.php(1167): CodeIgniter\View\View->render('incidencias/editar', [], true)
 3 APPPATH\Controllers\IncidenciaController.php(59): view('incidencias/editar', [...])
 4 SYSTEMPATH\CodeIgniter.php(933): App\Controllers\IncidenciaController->editar('9')
 5 SYSTEMPATH\CodeIgniter.php(507): CodeIgniter\CodeIgniter->runController(Object(App\Controllers\IncidenciaController))
 6 SYSTEMPATH\CodeIgniter.php(354): CodeIgniter\CodeIgniter->handleRequest(null, Object(Config\Cache), false)
 7 SYSTEMPATH\Boot.php(363): CodeIgniter\CodeIgniter->run()
 8 SYSTEMPATH\Boot.php(68): CodeIgniter\Boot::runCodeIgniter(Object(CodeIgniter\CodeIgniter))
 9 FCPATH\index.php(59): CodeIgniter\Boot::bootWeb(Object(Config\Paths))
10 SYSTEMPATH\rewrite.php(44): require_once('C:\\xampp\\htdocs\\futbol_torneo\\futbol_torneo\\public\\index.php')
CRITICAL - 2025-10-15 07:30:07 --> CodeIgniter\View\Exceptions\ViewException: Invalid file: "incidencias/editar.php"
[Method: GET, Route: incidencias/editar/7]
in SYSTEMPATH\Exceptions\FrameworkException.php on line 39.
 1 SYSTEMPATH\View\View.php(214): CodeIgniter\Exceptions\FrameworkException::forInvalidFile('incidencias/editar.php')
 2 SYSTEMPATH\Common.php(1167): CodeIgniter\View\View->render('incidencias/editar', [], true)
 3 APPPATH\Controllers\IncidenciaController.php(59): view('incidencias/editar', [...])
 4 SYSTEMPATH\CodeIgniter.php(933): App\Controllers\IncidenciaController->editar('7')
 5 SYSTEMPATH\CodeIgniter.php(507): CodeIgniter\CodeIgniter->runController(Object(App\Controllers\IncidenciaController))
 6 SYSTEMPATH\CodeIgniter.php(354): CodeIgniter\CodeIgniter->handleRequest(null, Object(Config\Cache), false)
 7 SYSTEMPATH\Boot.php(363): CodeIgniter\CodeIgniter->run()
 8 SYSTEMPATH\Boot.php(68): CodeIgniter\Boot::runCodeIgniter(Object(CodeIgniter\CodeIgniter))
 9 FCPATH\index.php(59): CodeIgniter\Boot::bootWeb(Object(Config\Paths))
10 SYSTEMPATH\rewrite.php(44): require_once('C:\\xampp\\htdocs\\futbol_torneo\\futbol_torneo\\public\\index.php')
